0 verbose cli D:\node\node.exe C:\Users\zp\AppData\Roaming\npm\node_modules\npm\bin\npm-cli.js
1 info using npm@11.10.0
2 info using node@v22.17.0
3 silly config load:file:C:\Users\zp\AppData\Roaming\npm\node_modules\npm\npmrc
4 silly config load:file:F:\work\project\shop\frontend\web\node_modules\esbuild\lib\npm-install\.npmrc
5 silly config load:file:C:\Users\zp\.npmrc
6 silly config load:file:C:\Users\zp\AppData\Roaming\npm\etc\npmrc
7 verbose title npm install @esbuild/win32-x64@0.25.12
8 verbose argv "install" "--loglevel" "error" "--prefer-offline" "--no-audit" "--progress" "false" "@esbuild/win32-x64@0.25.12"
9 verbose logfile logs-max:10 dir:F:\work\project\shop\frontend\web\.npm-cache\_logs\2026-03-09T15_37_23_127Z-
10 verbose logfile F:\work\project\shop\frontend\web\.npm-cache\_logs\2026-03-09T15_37_23_127Z-debug-0.log
11 silly logfile done cleaning log files
12 silly packumentCache heap:4345298944 maxSize:1086324736 maxEntrySize:543162368
13 silly idealTree buildDeps
14 silly fetch manifest @esbuild/win32-x64@0.25.12
15 silly packumentCache full:https://registry.npmjs.org/@esbuild%2fwin32-x64 cache-miss
16 http cache https://registry.npmjs.org/@esbuild%2fwin32-x64 16ms (cache hit)
17 silly packumentCache full:https://registry.npmjs.org/@esbuild%2fwin32-x64 set size:187476 disposed:false
18 silly placeDep ROOT @esbuild/win32-x64@0.25.12 OK for:  want: 0.25.12
19 silly reify moves {}
20 http cache @esbuild/win32-x64@https://registry.npmjs.org/@esbuild/win32-x64/-/win32-x64-0.25.12.tgz 0ms (cache hit)
21 silly tarball no local data for @esbuild/win32-x64@https://registry.npmjs.org/@esbuild/win32-x64/-/win32-x64-0.25.12.tgz. Extracting by manifest.
22 http fetch GET 200 https://registry.npmjs.org/@esbuild/win32-x64/-/win32-x64-0.25.12.tgz 706ms (cache miss)
23 silly ADD node_modules/@esbuild/win32-x64
24 verbose cwd F:\work\project\shop\frontend\web\node_modules\esbuild\lib\npm-install
25 verbose os Windows_NT 10.0.19045
26 verbose node v22.17.0
27 verbose npm  v11.10.0
28 verbose exit 0
29 info ok
