0 verbose cli D:\node\node.exe C:\Users\zp\AppData\Roaming\npm\node_modules\npm\bin\npm-cli.js
1 info using npm@11.10.0
2 info using node@v22.17.0
3 silly config load:file:C:\Users\zp\AppData\Roaming\npm\node_modules\npm\npmrc
4 silly config load:file:F:\work\project\shop\frontend\web\.npmrc
5 silly config load:file:C:\Users\zp\.npmrc
6 silly config load:file:C:\Users\zp\AppData\Roaming\npm\etc\npmrc
7 verbose title npm install @rollup/rollup-win32-x64-msvc@4.59.0
8 verbose argv "install" "--no-save" "@rollup/rollup-win32-x64-msvc@4.59.0" "--cache" ".\\.npm-cache"
9 verbose logfile logs-max:10 dir:F:\work\project\shop\frontend\web\.npm-cache\_logs\2026-03-09T15_38_52_858Z-
10 verbose logfile F:\work\project\shop\frontend\web\.npm-cache\_logs\2026-03-09T15_38_52_858Z-debug-0.log
11 silly logfile done cleaning log files
12 silly packumentCache heap:4345298944 maxSize:1086324736 maxEntrySize:543162368
13 silly idealTree buildDeps
14 silly fetch manifest @rollup/rollup-win32-x64-msvc@4.59.0
15 silly packumentCache full:https://registry.npmjs.org/@rollup%2frollup-win32-x64-msvc cache-miss
16 http cache https://registry.npmjs.org/@rollup%2frollup-win32-x64-msvc 18ms (cache hit)
17 silly packumentCache full:https://registry.npmjs.org/@rollup%2frollup-win32-x64-msvc set size:326588 disposed:false
18 silly placeDep ROOT @rollup/rollup-win32-x64-msvc@4.59.0 REPLACE for: unmanned-store-web@0.0.1 want: 4.59.0
19 silly reify moves {}
20 silly audit bulk request {
20 silly audit   '@babel/helper-string-parser': [ '7.27.1' ],
20 silly audit   '@babel/helper-validator-identifier': [ '7.28.5' ],
20 silly audit   '@babel/parser': [ '7.29.0' ],
20 silly audit   '@babel/types': [ '7.29.0' ],
20 silly audit   '@esbuild/aix-ppc64': [ '0.25.12' ],
20 silly audit   '@esbuild/android-arm': [ '0.25.12' ],
20 silly audit   '@esbuild/android-arm64': [ '0.25.12' ],
20 silly audit   '@esbuild/android-x64': [ '0.25.12' ],
20 silly audit   '@esbuild/darwin-arm64': [ '0.25.12' ],
20 silly audit   '@esbuild/darwin-x64': [ '0.25.12' ],
20 silly audit   '@esbuild/freebsd-arm64': [ '0.25.12' ],
20 silly audit   '@esbuild/freebsd-x64': [ '0.25.12' ],
20 silly audit   '@esbuild/linux-arm': [ '0.25.12' ],
20 silly audit   '@esbuild/linux-arm64': [ '0.25.12' ],
20 silly audit   '@esbuild/linux-ia32': [ '0.25.12' ],
20 silly audit   '@esbuild/linux-loong64': [ '0.25.12' ],
20 silly audit   '@esbuild/linux-mips64el': [ '0.25.12' ],
20 silly audit   '@esbuild/linux-ppc64': [ '0.25.12' ],
20 silly audit   '@esbuild/linux-riscv64': [ '0.25.12' ],
20 silly audit   '@esbuild/linux-s390x': [ '0.25.12' ],
20 silly audit   '@esbuild/linux-x64': [ '0.25.12' ],
20 silly audit   '@esbuild/netbsd-arm64': [ '0.25.12' ],
20 silly audit   '@esbuild/netbsd-x64': [ '0.25.12' ],
20 silly audit   '@esbuild/openbsd-arm64': [ '0.25.12' ],
20 silly audit   '@esbuild/openbsd-x64': [ '0.25.12' ],
20 silly audit   '@esbuild/openharmony-arm64': [ '0.25.12' ],
20 silly audit   '@esbuild/sunos-x64': [ '0.25.12' ],
20 silly audit   '@esbuild/win32-arm64': [ '0.25.12' ],
20 silly audit   '@esbuild/win32-ia32': [ '0.25.12' ],
20 silly audit   '@esbuild/win32-x64': [ '0.25.12' ],
20 silly audit   '@jridgewell/sourcemap-codec': [ '1.5.5' ],
20 silly audit   '@rollup/rollup-android-arm-eabi': [ '4.59.0' ],
20 silly audit   '@rollup/rollup-android-arm64': [ '4.59.0' ],
20 silly audit   '@rollup/rollup-darwin-arm64': [ '4.59.0' ],
20 silly audit   '@rollup/rollup-darwin-x64': [ '4.59.0' ],
20 silly audit   '@rollup/rollup-freebsd-arm64': [ '4.59.0' ],
20 silly audit   '@rollup/rollup-freebsd-x64': [ '4.59.0' ],
20 silly audit   '@rollup/rollup-linux-arm-gnueabihf': [ '4.59.0' ],
20 silly audit   '@rollup/rollup-linux-arm-musleabihf': [ '4.59.0' ],
20 silly audit   '@rollup/rollup-linux-arm64-gnu': [ '4.59.0' ],
20 silly audit   '@rollup/rollup-linux-arm64-musl': [ '4.59.0' ],
20 silly audit   '@rollup/rollup-linux-loong64-gnu': [ '4.59.0' ],
20 silly audit   '@rollup/rollup-linux-loong64-musl': [ '4.59.0' ],
20 silly audit   '@rollup/rollup-linux-ppc64-gnu': [ '4.59.0' ],
20 silly audit   '@rollup/rollup-linux-ppc64-musl': [ '4.59.0' ],
20 silly audit   '@rollup/rollup-linux-riscv64-gnu': [ '4.59.0' ],
20 silly audit   '@rollup/rollup-linux-riscv64-musl': [ '4.59.0' ],
20 silly audit   '@rollup/rollup-linux-s390x-gnu': [ '4.59.0' ],
20 silly audit   '@rollup/rollup-linux-x64-gnu': [ '4.59.0' ],
20 silly audit   '@rollup/rollup-linux-x64-musl': [ '4.59.0' ],
20 silly audit   '@rollup/rollup-openbsd-x64': [ '4.59.0' ],
20 silly audit   '@rollup/rollup-openharmony-arm64': [ '4.59.0' ],
20 silly audit   '@rollup/rollup-win32-arm64-msvc': [ '4.59.0' ],
20 silly audit   '@rollup/rollup-win32-ia32-msvc': [ '4.59.0' ],
20 silly audit   '@rollup/rollup-win32-x64-gnu': [ '4.59.0' ],
20 silly audit   '@types/estree': [ '1.0.8' ],
20 silly audit   '@vitejs/plugin-vue': [ '5.2.4' ],
20 silly audit   '@vue/compiler-core': [ '3.5.30' ],
20 silly audit   '@vue/compiler-dom': [ '3.5.30' ],
20 silly audit   '@vue/compiler-sfc': [ '3.5.30' ],
20 silly audit   '@vue/compiler-ssr': [ '3.5.30' ],
20 silly audit   '@vue/devtools-api': [ '7.7.9', '6.6.4' ],
20 silly audit   '@vue/devtools-kit': [ '7.7.9' ],
20 silly audit   '@vue/devtools-shared': [ '7.7.9' ],
20 silly audit   '@vue/reactivity': [ '3.5.30' ],
20 silly audit   '@vue/runtime-core': [ '3.5.30' ],
20 silly audit   '@vue/runtime-dom': [ '3.5.30' ],
20 silly audit   '@vue/server-renderer': [ '3.5.30' ],
20 silly audit   '@vue/shared': [ '3.5.30' ],
20 silly audit   birpc: [ '2.9.0' ],
20 silly audit   'copy-anything': [ '4.0.5' ],
20 silly audit   csstype: [ '3.2.3' ],
20 silly audit   entities: [ '7.0.1' ],
20 silly audit   esbuild: [ '0.25.12' ],
20 silly audit   'estree-walker': [ '2.0.2' ],
20 silly audit   fdir: [ '6.5.0' ],
20 silly audit   fsevents: [ '2.3.3' ],
20 silly audit   hookable: [ '5.5.3' ],
20 silly audit   'is-what': [ '5.5.0' ],
20 silly audit   'magic-string': [ '0.30.21' ],
20 silly audit   mitt: [ '3.0.1' ],
20 silly audit   nanoid: [ '3.3.11' ],
20 silly audit   'perfect-debounce': [ '1.0.0' ],
20 silly audit   picocolors: [ '1.1.1' ],
20 silly audit   picomatch: [ '4.0.3' ],
20 silly audit   pinia: [ '3.0.4' ],
20 silly audit   postcss: [ '8.5.8' ],
20 silly audit   rfdc: [ '1.4.1' ],
20 silly audit   rollup: [ '4.59.0' ],
20 silly audit   'source-map-js': [ '1.2.1' ],
20 silly audit   speakingurl: [ '14.0.1' ],
20 silly audit   superjson: [ '2.2.6' ],
20 silly audit   tinyglobby: [ '0.2.15' ],
20 silly audit   typescript: [ '5.9.3' ],
20 silly audit   vite: [ '6.4.1' ],
20 silly audit   vue: [ '3.5.30' ],
20 silly audit   'vue-router': [ '4.6.4' ],
20 silly audit   '@rollup/rollup-win32-x64-msvc': [ '4.59.0' ]
20 silly audit }
21 http cache @rollup/rollup-win32-x64-msvc@https://registry.npmjs.org/@rollup/rollup-win32-x64-msvc/-/rollup-win32-x64-msvc-4.59.0.tgz 0ms (cache hit)
22 http cache @rollup/rollup-linux-x64-musl@https://registry.npmjs.org/@rollup/rollup-linux-x64-musl/-/rollup-linux-x64-musl-4.59.0.tgz 0ms (cache hit)
23 http cache @rollup/rollup-linux-x64-gnu@https://registry.npmjs.org/@rollup/rollup-linux-x64-gnu/-/rollup-linux-x64-gnu-4.59.0.tgz 0ms (cache hit)
24 silly tarball no local data for @rollup/rollup-win32-x64-msvc@https://registry.npmjs.org/@rollup/rollup-win32-x64-msvc/-/rollup-win32-x64-msvc-4.59.0.tgz. Extracting by manifest.
25 silly tarball no local data for @rollup/rollup-linux-x64-musl@https://registry.npmjs.org/@rollup/rollup-linux-x64-musl/-/rollup-linux-x64-musl-4.59.0.tgz. Extracting by manifest.
26 silly tarball no local data for @rollup/rollup-linux-x64-gnu@https://registry.npmjs.org/@rollup/rollup-linux-x64-gnu/-/rollup-linux-x64-gnu-4.59.0.tgz. Extracting by manifest.
27 http fetch POST 200 https://registry.npmjs.org/-/npm/v1/security/advisories/bulk 502ms
28 silly audit report {}
29 http fetch GET 200 https://registry.npmjs.org/@rollup/rollup-linux-x64-gnu/-/rollup-linux-x64-gnu-4.59.0.tgz 467ms (cache miss)
30 http fetch GET 200 https://registry.npmjs.org/@rollup/rollup-win32-x64-msvc/-/rollup-win32-x64-msvc-4.59.0.tgz 480ms (cache miss)
31 http fetch GET 200 https://registry.npmjs.org/@rollup/rollup-linux-x64-musl/-/rollup-linux-x64-musl-4.59.0.tgz 492ms (cache miss)
32 silly ADD node_modules/@rollup/rollup-win32-x64-msvc
33 silly ADD node_modules/@rollup/rollup-linux-x64-musl
34 silly ADD node_modules/@rollup/rollup-linux-x64-gnu
35 verbose cwd F:\work\project\shop\frontend\web
36 verbose os Windows_NT 10.0.19045
37 verbose node v22.17.0
38 verbose npm  v11.10.0
39 verbose exit 0
40 info ok
