0 verbose cli D:\node\node.exe C:\Users\zp\AppData\Roaming\npm\node_modules\npm\bin\npm-cli.js
1 info using npm@11.10.0
2 info using node@v22.17.0
3 silly config load:file:C:\Users\zp\AppData\Roaming\npm\node_modules\npm\npmrc
4 silly config load:file:F:\work\project\shop\frontend\mobile\.npmrc
5 silly config load:file:C:\Users\zp\.npmrc
6 silly config load:file:C:\Users\zp\AppData\Roaming\npm\etc\npmrc
7 verbose title npm install
8 verbose argv "install" "--cache" ".npm-cache"
9 verbose logfile logs-max:10 dir:F:\work\project\shop\frontend\mobile\.npm-cache\_logs\2026-03-09T15_44_30_802Z-
10 verbose logfile F:\work\project\shop\frontend\mobile\.npm-cache\_logs\2026-03-09T15_44_30_802Z-debug-0.log
11 silly logfile done cleaning log files
12 silly packumentCache heap:4345298944 maxSize:1086324736 maxEntrySize:543162368
13 silly idealTree buildDeps
14 silly fetch manifest pinia@^3.0.1
15 silly packumentCache full:https://registry.npmjs.org/pinia cache-miss
16 http fetch GET 200 https://registry.npmjs.org/pinia 339ms (cache miss)
17 silly packumentCache full:https://registry.npmjs.org/pinia set size:undefined disposed:false
18 silly fetch manifest typescript@^5.8.2
19 silly packumentCache full:https://registry.npmjs.org/typescript cache-miss
20 http fetch GET 200 https://registry.npmjs.org/typescript 351ms (cache miss)
21 silly packumentCache full:https://registry.npmjs.org/typescript set size:undefined disposed:false
22 silly fetch manifest vue@^3.5.13
23 silly packumentCache full:https://registry.npmjs.org/vue cache-miss
24 http fetch GET 200 https://registry.npmjs.org/vue 108ms (cache miss)
25 silly packumentCache full:https://registry.npmjs.org/vue set size:undefined disposed:false
26 silly fetch manifest vue-router@^4.5.1
27 silly packumentCache full:https://registry.npmjs.org/vue-router cache-miss
28 http fetch GET 200 https://registry.npmjs.org/vue-router 97ms (cache miss)
29 silly packumentCache full:https://registry.npmjs.org/vue-router set size:undefined disposed:false
30 silly fetch manifest @vitejs/plugin-vue@^5.2.1
31 silly packumentCache full:https://registry.npmjs.org/@vitejs%2fplugin-vue cache-miss
32 http fetch GET 200 https://registry.npmjs.org/@vitejs%2fplugin-vue 120ms (cache miss)
33 silly packumentCache full:https://registry.npmjs.org/@vitejs%2fplugin-vue set size:undefined disposed:false
34 silly fetch manifest vite@^6.2.0
35 silly packumentCache full:https://registry.npmjs.org/vite cache-miss
36 http fetch GET 200 https://registry.npmjs.org/vite 880ms (cache miss)
37 silly packumentCache full:https://registry.npmjs.org/vite set size:undefined disposed:false
38 silly fetch manifest @types/node@^18.0.0 || ^20.0.0 || >=22.0.0
39 silly packumentCache full:https://registry.npmjs.org/@types%2fnode cache-miss
40 http fetch GET 200 https://registry.npmjs.org/@types%2fnode 180ms (cache miss)
41 silly packumentCache full:https://registry.npmjs.org/@types%2fnode set size:undefined disposed:false
42 silly fetch manifest jiti@>=1.21.0
43 silly packumentCache full:https://registry.npmjs.org/jiti cache-miss
44 http fetch GET 200 https://registry.npmjs.org/jiti 132ms (cache miss)
45 silly packumentCache full:https://registry.npmjs.org/jiti set size:undefined disposed:false
46 silly fetch manifest less@*
47 silly packumentCache full:https://registry.npmjs.org/less cache-miss
48 http fetch GET 200 https://registry.npmjs.org/less 83ms (cache miss)
49 silly packumentCache full:https://registry.npmjs.org/less set size:undefined disposed:false
50 silly fetch manifest lightningcss@^1.21.0
51 silly packumentCache full:https://registry.npmjs.org/lightningcss cache-miss
52 http fetch GET 200 https://registry.npmjs.org/lightningcss 77ms (cache miss)
53 silly packumentCache full:https://registry.npmjs.org/lightningcss set size:undefined disposed:false
54 silly fetch manifest sass@*
55 silly packumentCache full:https://registry.npmjs.org/sass cache-miss
56 http fetch GET 200 https://registry.npmjs.org/sass 87ms (cache miss)
57 silly packumentCache full:https://registry.npmjs.org/sass set size:undefined disposed:false
58 silly fetch manifest sass-embedded@*
59 silly packumentCache full:https://registry.npmjs.org/sass-embedded cache-miss
60 http fetch GET 200 https://registry.npmjs.org/sass-embedded 82ms (cache miss)
61 silly packumentCache full:https://registry.npmjs.org/sass-embedded set size:undefined disposed:false
62 silly fetch manifest stylus@*
63 silly packumentCache full:https://registry.npmjs.org/stylus cache-miss
64 http fetch GET 200 https://registry.npmjs.org/stylus 91ms (cache miss)
65 silly packumentCache full:https://registry.npmjs.org/stylus set size:undefined disposed:false
66 silly fetch manifest sugarss@*
67 silly packumentCache full:https://registry.npmjs.org/sugarss cache-miss
68 http fetch GET 200 https://registry.npmjs.org/sugarss 72ms (cache miss)
69 silly packumentCache full:https://registry.npmjs.org/sugarss set size:undefined disposed:false
70 silly fetch manifest postcss@^8.3.3
71 silly packumentCache full:https://registry.npmjs.org/postcss cache-miss
72 http fetch GET 200 https://registry.npmjs.org/postcss 82ms (cache miss)
73 silly packumentCache full:https://registry.npmjs.org/postcss set size:undefined disposed:false
74 silly fetch manifest terser@^5.16.0
75 silly packumentCache full:https://registry.npmjs.org/terser cache-miss
76 http fetch GET 200 https://registry.npmjs.org/terser 85ms (cache miss)
77 silly packumentCache full:https://registry.npmjs.org/terser set size:undefined disposed:false
78 silly fetch manifest tsx@^4.8.1
79 silly packumentCache full:https://registry.npmjs.org/tsx cache-miss
80 http fetch GET 200 https://registry.npmjs.org/tsx 85ms (cache miss)
81 silly packumentCache full:https://registry.npmjs.org/tsx set size:undefined disposed:false
82 silly fetch manifest yaml@^2.4.2
83 silly packumentCache full:https://registry.npmjs.org/yaml cache-miss
84 http fetch GET 200 https://registry.npmjs.org/yaml 82ms (cache miss)
85 silly packumentCache full:https://registry.npmjs.org/yaml set size:undefined disposed:false
86 silly placeDep ROOT @vitejs/plugin-vue@5.2.4 OK for: unmanned-store-mobile@0.0.1 want: ^5.2.1
87 silly placeDep ROOT vue@3.5.30 OK for: @vitejs/plugin-vue@5.2.4 want: ^3.2.25
88 silly placeDep ROOT vite@6.4.1 OK for: @vitejs/plugin-vue@5.2.4 want: ^5.0.0 || ^6.0.0
89 silly placeDep ROOT pinia@3.0.4 OK for: unmanned-store-mobile@0.0.1 want: ^3.0.1
90 silly placeDep ROOT typescript@5.9.3 OK for: unmanned-store-mobile@0.0.1 want: ^5.8.2
91 silly placeDep ROOT vue-router@4.6.4 OK for: unmanned-store-mobile@0.0.1 want: ^4.5.1
92 silly fetch manifest fdir@^6.4.4
93 silly packumentCache full:https://registry.npmjs.org/fdir cache-miss
94 silly fetch manifest rollup@^4.34.9
95 silly packumentCache full:https://registry.npmjs.org/rollup cache-miss
96 silly fetch manifest esbuild@^0.25.0
97 silly packumentCache full:https://registry.npmjs.org/esbuild cache-miss
98 silly fetch manifest postcss@^8.5.3
99 silly packumentCache full:https://registry.npmjs.org/postcss cache-miss
100 silly fetch manifest picomatch@^4.0.2
101 silly packumentCache full:https://registry.npmjs.org/picomatch cache-miss
102 silly fetch manifest tinyglobby@^0.2.13
103 silly packumentCache full:https://registry.npmjs.org/tinyglobby cache-miss
104 silly fetch manifest fsevents@~2.3.3
105 silly packumentCache full:https://registry.npmjs.org/fsevents cache-miss
106 silly fetch manifest @vue/shared@3.5.30
107 silly packumentCache full:https://registry.npmjs.org/@vue%2fshared cache-miss
108 silly fetch manifest @vue/compiler-dom@3.5.30
109 silly packumentCache full:https://registry.npmjs.org/@vue%2fcompiler-dom cache-miss
110 silly fetch manifest @vue/runtime-dom@3.5.30
111 silly packumentCache full:https://registry.npmjs.org/@vue%2fruntime-dom cache-miss
112 silly fetch manifest @vue/compiler-sfc@3.5.30
113 silly packumentCache full:https://registry.npmjs.org/@vue%2fcompiler-sfc cache-miss
114 silly fetch manifest @vue/server-renderer@3.5.30
115 silly packumentCache full:https://registry.npmjs.org/@vue%2fserver-renderer cache-miss
116 silly fetch manifest @vue/devtools-api@^7.7.7
117 silly packumentCache full:https://registry.npmjs.org/@vue%2fdevtools-api cache-miss
118 silly fetch manifest @vue/devtools-api@^6.6.4
119 silly packumentCache full:https://registry.npmjs.org/@vue%2fdevtools-api cache-miss
120 http cache https://registry.npmjs.org/postcss 35ms (cache hit)
121 silly packumentCache full:https://registry.npmjs.org/postcss set size:702266 disposed:false
122 http fetch GET 200 https://registry.npmjs.org/fdir 89ms (cache miss)
123 silly packumentCache full:https://registry.npmjs.org/fdir set size:undefined disposed:false
124 http fetch GET 200 https://registry.npmjs.org/picomatch 239ms (cache miss)
125 silly packumentCache full:https://registry.npmjs.org/picomatch set size:undefined disposed:false
126 http fetch GET 200 https://registry.npmjs.org/tinyglobby 242ms (cache miss)
127 silly packumentCache full:https://registry.npmjs.org/tinyglobby set size:undefined disposed:false
128 http fetch GET 200 https://registry.npmjs.org/fsevents 250ms (cache miss)
129 silly packumentCache full:https://registry.npmjs.org/fsevents set size:undefined disposed:false
130 http fetch GET 200 https://registry.npmjs.org/@vue%2fdevtools-api 331ms (cache miss)
131 silly packumentCache full:https://registry.npmjs.org/@vue%2fdevtools-api set size:undefined disposed:false
132 http fetch GET 200 https://registry.npmjs.org/@vue%2fdevtools-api 333ms (cache miss)
133 silly packumentCache full:https://registry.npmjs.org/@vue%2fdevtools-api set size:undefined disposed:false
134 http fetch GET 200 https://registry.npmjs.org/@vue%2fserver-renderer 361ms (cache miss)
135 silly packumentCache full:https://registry.npmjs.org/@vue%2fserver-renderer set size:undefined disposed:false
136 http fetch GET 200 https://registry.npmjs.org/@vue%2fruntime-dom 368ms (cache miss)
137 silly packumentCache full:https://registry.npmjs.org/@vue%2fruntime-dom set size:undefined disposed:false
138 http fetch GET 200 https://registry.npmjs.org/@vue%2fshared 378ms (cache miss)
139 silly packumentCache full:https://registry.npmjs.org/@vue%2fshared set size:undefined disposed:false
140 http fetch GET 200 https://registry.npmjs.org/@vue%2fcompiler-sfc 382ms (cache miss)
141 silly packumentCache full:https://registry.npmjs.org/@vue%2fcompiler-sfc set size:undefined disposed:false
142 http fetch GET 200 https://registry.npmjs.org/@vue%2fcompiler-dom 394ms (cache miss)
143 silly packumentCache full:https://registry.npmjs.org/@vue%2fcompiler-dom set size:undefined disposed:false
144 http fetch GET 200 https://registry.npmjs.org/esbuild 418ms (cache miss)
145 silly packumentCache full:https://registry.npmjs.org/esbuild set size:undefined disposed:false
146 http fetch GET 200 https://registry.npmjs.org/rollup 469ms (cache miss)
147 silly packumentCache full:https://registry.npmjs.org/rollup set size:undefined disposed:false
148 silly placeDep ROOT @vue/devtools-api@7.7.9 OK for: pinia@3.0.4 want: ^7.7.7
149 silly fetch manifest @vue/devtools-kit@^7.7.9
150 silly packumentCache full:https://registry.npmjs.org/@vue%2fdevtools-kit cache-miss
151 http fetch GET 200 https://registry.npmjs.org/@vue%2fdevtools-kit 302ms (cache miss)
152 silly packumentCache full:https://registry.npmjs.org/@vue%2fdevtools-kit set size:undefined disposed:false
153 silly placeDep ROOT @vue/devtools-kit@7.7.9 OK for: @vue/devtools-api@7.7.9 want: ^7.7.9
154 silly fetch manifest mitt@^3.0.1
155 silly packumentCache full:https://registry.npmjs.org/mitt cache-miss
156 silly fetch manifest birpc@^2.3.0
157 silly packumentCache full:https://registry.npmjs.org/birpc cache-miss
158 silly fetch manifest hookable@^5.5.3
159 silly packumentCache full:https://registry.npmjs.org/hookable cache-miss
160 silly fetch manifest superjson@^2.2.2
161 silly packumentCache full:https://registry.npmjs.org/superjson cache-miss
162 silly fetch manifest speakingurl@^14.0.1
163 silly packumentCache full:https://registry.npmjs.org/speakingurl cache-miss
164 silly fetch manifest perfect-debounce@^1.0.0
165 silly packumentCache full:https://registry.npmjs.org/perfect-debounce cache-miss
166 silly fetch manifest @vue/devtools-shared@^7.7.9
167 silly packumentCache full:https://registry.npmjs.org/@vue%2fdevtools-shared cache-miss
168 http fetch GET 200 https://registry.npmjs.org/perfect-debounce 79ms (cache miss)
169 silly packumentCache full:https://registry.npmjs.org/perfect-debounce set size:undefined disposed:false
170 http fetch GET 200 https://registry.npmjs.org/birpc 81ms (cache miss)
171 silly packumentCache full:https://registry.npmjs.org/birpc set size:undefined disposed:false
172 http fetch GET 200 https://registry.npmjs.org/mitt 82ms (cache miss)
173 silly packumentCache full:https://registry.npmjs.org/mitt set size:undefined disposed:false
174 http fetch GET 200 https://registry.npmjs.org/speakingurl 94ms (cache miss)
175 silly packumentCache full:https://registry.npmjs.org/speakingurl set size:undefined disposed:false
176 http fetch GET 200 https://registry.npmjs.org/@vue%2fdevtools-shared 97ms (cache miss)
177 silly packumentCache full:https://registry.npmjs.org/@vue%2fdevtools-shared set size:undefined disposed:false
178 http fetch GET 200 https://registry.npmjs.org/hookable 227ms (cache miss)
179 silly packumentCache full:https://registry.npmjs.org/hookable set size:undefined disposed:false
180 http fetch GET 200 https://registry.npmjs.org/superjson 234ms (cache miss)
181 silly packumentCache full:https://registry.npmjs.org/superjson set size:undefined disposed:false
182 silly placeDep ROOT @vue/devtools-shared@7.7.9 OK for: @vue/devtools-kit@7.7.9 want: ^7.7.9
183 silly placeDep ROOT birpc@2.9.0 OK for: @vue/devtools-kit@7.7.9 want: ^2.3.0
184 silly placeDep ROOT hookable@5.5.3 OK for: @vue/devtools-kit@7.7.9 want: ^5.5.3
185 silly placeDep ROOT mitt@3.0.1 OK for: @vue/devtools-kit@7.7.9 want: ^3.0.1
186 silly placeDep ROOT perfect-debounce@1.0.0 OK for: @vue/devtools-kit@7.7.9 want: ^1.0.0
187 silly placeDep ROOT speakingurl@14.0.1 OK for: @vue/devtools-kit@7.7.9 want: ^14.0.1
188 silly placeDep ROOT superjson@2.2.6 OK for: @vue/devtools-kit@7.7.9 want: ^2.2.2
189 silly fetch manifest rfdc@^1.4.1
190 silly packumentCache full:https://registry.npmjs.org/rfdc cache-miss
191 silly fetch manifest copy-anything@^4
192 silly packumentCache full:https://registry.npmjs.org/copy-anything cache-miss
193 http fetch GET 200 https://registry.npmjs.org/copy-anything 87ms (cache miss)
194 silly packumentCache full:https://registry.npmjs.org/copy-anything set size:undefined disposed:false
195 http fetch GET 200 https://registry.npmjs.org/rfdc 91ms (cache miss)
196 silly packumentCache full:https://registry.npmjs.org/rfdc set size:undefined disposed:false
197 silly placeDep ROOT rfdc@1.4.1 OK for: @vue/devtools-shared@7.7.9 want: ^1.4.1
198 silly placeDep ROOT copy-anything@4.0.5 OK for: superjson@2.2.6 want: ^4
199 silly fetch manifest is-what@^5.2.0
200 silly packumentCache full:https://registry.npmjs.org/is-what cache-miss
201 http fetch GET 200 https://registry.npmjs.org/is-what 104ms (cache miss)
202 silly packumentCache full:https://registry.npmjs.org/is-what set size:undefined disposed:false
203 silly placeDep ROOT is-what@5.5.0 OK for: copy-anything@4.0.5 want: ^5.2.0
204 silly placeDep ROOT esbuild@0.25.12 OK for: vite@6.4.1 want: ^0.25.0
205 silly placeDep ROOT fdir@6.5.0 OK for: vite@6.4.1 want: ^6.4.4
206 silly placeDep ROOT fsevents@2.3.3 OK for: vite@6.4.1 want: ~2.3.3
207 silly placeDep ROOT picomatch@4.0.3 OK for: vite@6.4.1 want: ^4.0.2
208 silly placeDep ROOT postcss@8.5.8 OK for: vite@6.4.1 want: ^8.5.3
209 silly placeDep ROOT rollup@4.59.0 OK for: vite@6.4.1 want: ^4.34.9
210 silly placeDep ROOT tinyglobby@0.2.15 OK for: vite@6.4.1 want: ^0.2.13
211 silly fetch manifest @esbuild/aix-ppc64@0.25.12
212 silly packumentCache full:https://registry.npmjs.org/@esbuild%2faix-ppc64 cache-miss
213 silly fetch manifest @esbuild/linux-arm@0.25.12
214 silly packumentCache full:https://registry.npmjs.org/@esbuild%2flinux-arm cache-miss
215 silly fetch manifest @esbuild/linux-x64@0.25.12
216 silly packumentCache full:https://registry.npmjs.org/@esbuild%2flinux-x64 cache-miss
217 silly fetch manifest @esbuild/sunos-x64@0.25.12
218 silly packumentCache full:https://registry.npmjs.org/@esbuild%2fsunos-x64 cache-miss
219 silly fetch manifest @esbuild/win32-x64@0.25.12
220 silly packumentCache full:https://registry.npmjs.org/@esbuild%2fwin32-x64 cache-miss
221 silly fetch manifest @esbuild/darwin-x64@0.25.12
222 silly packumentCache full:https://registry.npmjs.org/@esbuild%2fdarwin-x64 cache-miss
223 silly fetch manifest @esbuild/linux-ia32@0.25.12
224 silly packumentCache full:https://registry.npmjs.org/@esbuild%2flinux-ia32 cache-miss
225 silly fetch manifest @esbuild/netbsd-x64@0.25.12
226 silly packumentCache full:https://registry.npmjs.org/@esbuild%2fnetbsd-x64 cache-miss
227 silly fetch manifest @esbuild/win32-ia32@0.25.12
228 silly packumentCache full:https://registry.npmjs.org/@esbuild%2fwin32-ia32 cache-miss
229 silly fetch manifest @esbuild/android-arm@0.25.12
230 silly packumentCache full:https://registry.npmjs.org/@esbuild%2fandroid-arm cache-miss
231 silly fetch manifest @esbuild/android-x64@0.25.12
232 silly packumentCache full:https://registry.npmjs.org/@esbuild%2fandroid-x64 cache-miss
233 silly fetch manifest @esbuild/freebsd-x64@0.25.12
234 silly packumentCache full:https://registry.npmjs.org/@esbuild%2ffreebsd-x64 cache-miss
235 silly fetch manifest @esbuild/linux-arm64@0.25.12
236 silly packumentCache full:https://registry.npmjs.org/@esbuild%2flinux-arm64 cache-miss
237 silly fetch manifest @esbuild/linux-ppc64@0.25.12
238 silly packumentCache full:https://registry.npmjs.org/@esbuild%2flinux-ppc64 cache-miss
239 silly fetch manifest @esbuild/linux-s390x@0.25.12
240 silly packumentCache full:https://registry.npmjs.org/@esbuild%2flinux-s390x cache-miss
241 silly fetch manifest @esbuild/openbsd-x64@0.25.12
242 silly packumentCache full:https://registry.npmjs.org/@esbuild%2fopenbsd-x64 cache-miss
243 silly fetch manifest @esbuild/win32-arm64@0.25.12
244 silly packumentCache full:https://registry.npmjs.org/@esbuild%2fwin32-arm64 cache-miss
245 silly fetch manifest @esbuild/darwin-arm64@0.25.12
246 silly packumentCache full:https://registry.npmjs.org/@esbuild%2fdarwin-arm64 cache-miss
247 silly fetch manifest @esbuild/netbsd-arm64@0.25.12
248 silly packumentCache full:https://registry.npmjs.org/@esbuild%2fnetbsd-arm64 cache-miss
249 http fetch GET 200 https://registry.npmjs.org/@esbuild%2flinux-arm 94ms (cache miss)
250 silly packumentCache full:https://registry.npmjs.org/@esbuild%2flinux-arm set size:undefined disposed:false
251 silly fetch manifest @esbuild/android-arm64@0.25.12
252 silly packumentCache full:https://registry.npmjs.org/@esbuild%2fandroid-arm64 cache-miss
253 http fetch GET 200 https://registry.npmjs.org/@esbuild%2fnetbsd-x64 113ms (cache miss)
254 silly packumentCache full:https://registry.npmjs.org/@esbuild%2fnetbsd-x64 set size:undefined disposed:false
255 silly fetch manifest @esbuild/freebsd-arm64@0.25.12
256 silly packumentCache full:https://registry.npmjs.org/@esbuild%2ffreebsd-arm64 cache-miss
257 http fetch GET 200 https://registry.npmjs.org/@esbuild%2fsunos-x64 126ms (cache miss)
258 silly packumentCache full:https://registry.npmjs.org/@esbuild%2fsunos-x64 set size:undefined disposed:false
259 silly fetch manifest @esbuild/linux-loong64@0.25.12
260 silly packumentCache full:https://registry.npmjs.org/@esbuild%2flinux-loong64 cache-miss
261 http fetch GET 200 https://registry.npmjs.org/@esbuild%2fwin32-ia32 131ms (cache miss)
262 silly packumentCache full:https://registry.npmjs.org/@esbuild%2fwin32-ia32 set size:undefined disposed:false
263 silly fetch manifest @esbuild/linux-riscv64@0.25.12
264 silly packumentCache full:https://registry.npmjs.org/@esbuild%2flinux-riscv64 cache-miss
265 http fetch GET 200 https://registry.npmjs.org/@esbuild%2fandroid-x64 149ms (cache miss)
266 silly packumentCache full:https://registry.npmjs.org/@esbuild%2fandroid-x64 set size:undefined disposed:false
267 silly fetch manifest @esbuild/openbsd-arm64@0.25.12
268 silly packumentCache full:https://registry.npmjs.org/@esbuild%2fopenbsd-arm64 cache-miss
269 http fetch GET 200 https://registry.npmjs.org/@esbuild%2fdarwin-x64 153ms (cache miss)
270 silly packumentCache full:https://registry.npmjs.org/@esbuild%2fdarwin-x64 set size:undefined disposed:false
271 silly fetch manifest @esbuild/linux-mips64el@0.25.12
272 silly packumentCache full:https://registry.npmjs.org/@esbuild%2flinux-mips64el cache-miss
273 http fetch GET 200 https://registry.npmjs.org/@esbuild%2fandroid-arm 155ms (cache miss)
274 silly packumentCache full:https://registry.npmjs.org/@esbuild%2fandroid-arm set size:undefined disposed:false
275 silly fetch manifest @esbuild/openharmony-arm64@0.25.12
276 silly packumentCache full:https://registry.npmjs.org/@esbuild%2fopenharmony-arm64 cache-miss
277 http fetch GET 200 https://registry.npmjs.org/@esbuild%2fwin32-x64 158ms (cache miss)
278 silly packumentCache full:https://registry.npmjs.org/@esbuild%2fwin32-x64 set size:undefined disposed:false
279 silly fetch manifest nanoid@^3.3.11
280 silly packumentCache full:https://registry.npmjs.org/nanoid cache-miss
281 http fetch GET 200 https://registry.npmjs.org/@esbuild%2flinux-ia32 161ms (cache miss)
282 silly packumentCache full:https://registry.npmjs.org/@esbuild%2flinux-ia32 set size:undefined disposed:false
283 silly fetch manifest picocolors@^1.1.1
284 silly packumentCache full:https://registry.npmjs.org/picocolors cache-miss
285 http fetch GET 200 https://registry.npmjs.org/@esbuild%2faix-ppc64 165ms (cache miss)
286 silly packumentCache full:https://registry.npmjs.org/@esbuild%2faix-ppc64 set size:undefined disposed:false
287 silly fetch manifest source-map-js@^1.2.1
288 silly packumentCache full:https://registry.npmjs.org/source-map-js cache-miss
289 http fetch GET 200 https://registry.npmjs.org/@esbuild%2flinux-arm64 165ms (cache miss)
290 silly packumentCache full:https://registry.npmjs.org/@esbuild%2flinux-arm64 set size:undefined disposed:false
291 silly fetch manifest @types/estree@1.0.8
292 silly packumentCache full:https://registry.npmjs.org/@types%2festree cache-miss
293 http fetch GET 200 https://registry.npmjs.org/@esbuild%2ffreebsd-x64 168ms (cache miss)
294 silly packumentCache full:https://registry.npmjs.org/@esbuild%2ffreebsd-x64 set size:undefined disposed:false
295 silly fetch manifest @rollup/rollup-darwin-arm64@4.59.0
296 silly packumentCache full:https://registry.npmjs.org/@rollup%2frollup-darwin-arm64 cache-miss
297 http fetch GET 200 https://registry.npmjs.org/@esbuild%2flinux-x64 171ms (cache miss)
298 silly packumentCache full:https://registry.npmjs.org/@esbuild%2flinux-x64 set size:undefined disposed:false
299 silly fetch manifest @rollup/rollup-android-arm64@4.59.0
300 silly packumentCache full:https://registry.npmjs.org/@rollup%2frollup-android-arm64 cache-miss
301 http fetch GET 200 https://registry.npmjs.org/@esbuild%2fopenbsd-x64 185ms (cache miss)
302 silly packumentCache full:https://registry.npmjs.org/@esbuild%2fopenbsd-x64 set size:undefined disposed:false
303 silly fetch manifest @rollup/rollup-win32-arm64-msvc@4.59.0
304 silly packumentCache full:https://registry.npmjs.org/@rollup%2frollup-win32-arm64-msvc cache-miss
305 http fetch GET 200 https://registry.npmjs.org/@esbuild%2fnetbsd-arm64 219ms (cache miss)
306 silly packumentCache full:https://registry.npmjs.org/@esbuild%2fnetbsd-arm64 set size:undefined disposed:false
307 silly fetch manifest @rollup/rollup-freebsd-arm64@4.59.0
308 silly packumentCache full:https://registry.npmjs.org/@rollup%2frollup-freebsd-arm64 cache-miss
309 http fetch GET 200 https://registry.npmjs.org/@esbuild%2fwin32-arm64 222ms (cache miss)
310 silly packumentCache full:https://registry.npmjs.org/@esbuild%2fwin32-arm64 set size:undefined disposed:false
311 silly fetch manifest @rollup/rollup-linux-arm64-gnu@4.59.0
312 silly packumentCache full:https://registry.npmjs.org/@rollup%2frollup-linux-arm64-gnu cache-miss
313 http fetch GET 200 https://registry.npmjs.org/@esbuild%2fdarwin-arm64 227ms (cache miss)
314 silly packumentCache full:https://registry.npmjs.org/@esbuild%2fdarwin-arm64 set size:undefined disposed:false
315 silly fetch manifest @rollup/rollup-linux-arm64-musl@4.59.0
316 silly packumentCache full:https://registry.npmjs.org/@rollup%2frollup-linux-arm64-musl cache-miss
317 http fetch GET 200 https://registry.npmjs.org/@esbuild%2fandroid-arm64 144ms (cache miss)
318 silly packumentCache full:https://registry.npmjs.org/@esbuild%2fandroid-arm64 set size:undefined disposed:false
319 silly fetch manifest @rollup/rollup-android-arm-eabi@4.59.0
320 silly packumentCache full:https://registry.npmjs.org/@rollup%2frollup-android-arm-eabi cache-miss
321 http fetch GET 200 https://registry.npmjs.org/@esbuild%2flinux-loong64 113ms (cache miss)
322 silly packumentCache full:https://registry.npmjs.org/@esbuild%2flinux-loong64 set size:undefined disposed:false
323 silly fetch manifest @rollup/rollup-linux-arm-gnueabihf@4.59.0
324 silly packumentCache full:https://registry.npmjs.org/@rollup%2frollup-linux-arm-gnueabihf cache-miss
325 http fetch GET 200 https://registry.npmjs.org/@esbuild%2ffreebsd-arm64 138ms (cache miss)
326 silly packumentCache full:https://registry.npmjs.org/@esbuild%2ffreebsd-arm64 set size:undefined disposed:false
327 silly fetch manifest @rollup/rollup-linux-arm-musleabihf@4.59.0
328 silly packumentCache full:https://registry.npmjs.org/@rollup%2frollup-linux-arm-musleabihf cache-miss
329 http fetch GET 200 https://registry.npmjs.org/@esbuild%2flinux-riscv64 125ms (cache miss)
330 silly packumentCache full:https://registry.npmjs.org/@esbuild%2flinux-riscv64 set size:undefined disposed:false
331 silly fetch manifest @rollup/rollup-win32-ia32-msvc@4.59.0
332 silly packumentCache full:https://registry.npmjs.org/@rollup%2frollup-win32-ia32-msvc cache-miss
333 http fetch GET 200 https://registry.npmjs.org/@esbuild%2fopenbsd-arm64 112ms (cache miss)
334 silly packumentCache full:https://registry.npmjs.org/@esbuild%2fopenbsd-arm64 set size:undefined disposed:false
335 silly fetch manifest @rollup/rollup-linux-loong64-gnu@4.59.0
336 silly packumentCache full:https://registry.npmjs.org/@rollup%2frollup-linux-loong64-gnu cache-miss
337 http fetch GET 200 https://registry.npmjs.org/@esbuild%2fopenharmony-arm64 110ms (cache miss)
338 silly packumentCache full:https://registry.npmjs.org/@esbuild%2fopenharmony-arm64 set size:undefined disposed:false
339 silly fetch manifest @rollup/rollup-linux-loong64-musl@4.59.0
340 silly packumentCache full:https://registry.npmjs.org/@rollup%2frollup-linux-loong64-musl cache-miss
341 http fetch GET 200 https://registry.npmjs.org/@esbuild%2flinux-mips64el 116ms (cache miss)
342 silly packumentCache full:https://registry.npmjs.org/@esbuild%2flinux-mips64el set size:undefined disposed:false
343 silly fetch manifest @rollup/rollup-linux-riscv64-gnu@4.59.0
344 silly packumentCache full:https://registry.npmjs.org/@rollup%2frollup-linux-riscv64-gnu cache-miss
345 http fetch GET 200 https://registry.npmjs.org/nanoid 115ms (cache miss)
346 silly packumentCache full:https://registry.npmjs.org/nanoid set size:undefined disposed:false
347 silly fetch manifest @rollup/rollup-linux-riscv64-musl@4.59.0
348 silly packumentCache full:https://registry.npmjs.org/@rollup%2frollup-linux-riscv64-musl cache-miss
349 http fetch GET 200 https://registry.npmjs.org/source-map-js 120ms (cache miss)
350 silly packumentCache full:https://registry.npmjs.org/source-map-js set size:undefined disposed:false
351 silly fetch manifest @rollup/rollup-linux-ppc64-gnu@4.59.0
352 silly packumentCache full:https://registry.npmjs.org/@rollup%2frollup-linux-ppc64-gnu cache-miss
353 http fetch GET 200 https://registry.npmjs.org/@esbuild%2flinux-ppc64 289ms (cache miss)
354 silly packumentCache full:https://registry.npmjs.org/@esbuild%2flinux-ppc64 set size:undefined disposed:false
355 silly fetch manifest @rollup/rollup-linux-ppc64-musl@4.59.0
356 silly packumentCache full:https://registry.npmjs.org/@rollup%2frollup-linux-ppc64-musl cache-miss
357 http fetch GET 200 https://registry.npmjs.org/@esbuild%2flinux-s390x 294ms (cache miss)
358 silly packumentCache full:https://registry.npmjs.org/@esbuild%2flinux-s390x set size:undefined disposed:false
359 silly fetch manifest @rollup/rollup-linux-s390x-gnu@4.59.0
360 silly packumentCache full:https://registry.npmjs.org/@rollup%2frollup-linux-s390x-gnu cache-miss
361 http fetch GET 200 https://registry.npmjs.org/@types%2festree 132ms (cache miss)
362 silly packumentCache full:https://registry.npmjs.org/@types%2festree set size:undefined disposed:false
363 silly fetch manifest @rollup/rollup-darwin-x64@4.59.0
364 silly packumentCache full:https://registry.npmjs.org/@rollup%2frollup-darwin-x64 cache-miss
365 http fetch GET 200 https://registry.npmjs.org/picocolors 148ms (cache miss)
366 silly packumentCache full:https://registry.npmjs.org/picocolors set size:undefined disposed:false
367 silly fetch manifest @rollup/rollup-win32-x64-gnu@4.59.0
368 silly packumentCache full:https://registry.npmjs.org/@rollup%2frollup-win32-x64-gnu cache-miss
369 http fetch GET 200 https://registry.npmjs.org/@rollup%2frollup-android-arm64 143ms (cache miss)
370 silly packumentCache full:https://registry.npmjs.org/@rollup%2frollup-android-arm64 set size:undefined disposed:false
371 silly fetch manifest @rollup/rollup-win32-x64-msvc@4.59.0
372 silly packumentCache full:https://registry.npmjs.org/@rollup%2frollup-win32-x64-msvc cache-miss
373 http fetch GET 200 https://registry.npmjs.org/@rollup%2frollup-darwin-arm64 153ms (cache miss)
374 silly packumentCache full:https://registry.npmjs.org/@rollup%2frollup-darwin-arm64 set size:undefined disposed:false
375 silly fetch manifest @rollup/rollup-freebsd-x64@4.59.0
376 silly packumentCache full:https://registry.npmjs.org/@rollup%2frollup-freebsd-x64 cache-miss
377 http fetch GET 200 https://registry.npmjs.org/@rollup%2frollup-freebsd-arm64 112ms (cache miss)
378 silly packumentCache full:https://registry.npmjs.org/@rollup%2frollup-freebsd-arm64 set size:undefined disposed:false
379 silly fetch manifest @rollup/rollup-linux-x64-gnu@4.59.0
380 silly packumentCache full:https://registry.npmjs.org/@rollup%2frollup-linux-x64-gnu cache-miss
381 http fetch GET 200 https://registry.npmjs.org/@rollup%2frollup-linux-loong64-musl 123ms (cache miss)
382 silly packumentCache full:https://registry.npmjs.org/@rollup%2frollup-linux-loong64-musl set size:undefined disposed:false
383 silly fetch manifest @rollup/rollup-linux-x64-musl@4.59.0
384 silly packumentCache full:https://registry.npmjs.org/@rollup%2frollup-linux-x64-musl cache-miss
385 http fetch GET 200 https://registry.npmjs.org/@rollup%2frollup-linux-loong64-gnu 128ms (cache miss)
386 silly packumentCache full:https://registry.npmjs.org/@rollup%2frollup-linux-loong64-gnu set size:undefined disposed:false
387 silly fetch manifest @rollup/rollup-openbsd-x64@4.59.0
388 silly packumentCache full:https://registry.npmjs.org/@rollup%2frollup-openbsd-x64 cache-miss
389 http fetch GET 200 https://registry.npmjs.org/@rollup%2frollup-linux-riscv64-musl 117ms (cache miss)
390 silly packumentCache full:https://registry.npmjs.org/@rollup%2frollup-linux-riscv64-musl set size:undefined disposed:false
391 silly fetch manifest @rollup/rollup-openharmony-arm64@4.59.0
392 silly packumentCache full:https://registry.npmjs.org/@rollup%2frollup-openharmony-arm64 cache-miss
393 http fetch GET 200 https://registry.npmjs.org/@rollup%2frollup-linux-arm64-gnu 173ms (cache miss)
394 silly packumentCache full:https://registry.npmjs.org/@rollup%2frollup-linux-arm64-gnu set size:undefined disposed:false
395 http fetch GET 200 https://registry.npmjs.org/@rollup%2frollup-linux-arm-musleabihf 149ms (cache miss)
396 silly packumentCache full:https://registry.npmjs.org/@rollup%2frollup-linux-arm-musleabihf set size:undefined disposed:false
397 http fetch GET 200 https://registry.npmjs.org/@rollup%2frollup-win32-arm64-msvc 217ms (cache miss)
398 silly packumentCache full:https://registry.npmjs.org/@rollup%2frollup-win32-arm64-msvc set size:undefined disposed:false
399 http fetch GET 200 https://registry.npmjs.org/@rollup%2frollup-linux-arm64-musl 177ms (cache miss)
400 silly packumentCache full:https://registry.npmjs.org/@rollup%2frollup-linux-arm64-musl set size:undefined disposed:false
401 http fetch GET 200 https://registry.npmjs.org/@rollup%2frollup-android-arm-eabi 169ms (cache miss)
402 silly packumentCache full:https://registry.npmjs.org/@rollup%2frollup-android-arm-eabi set size:undefined disposed:false
403 http fetch GET 200 https://registry.npmjs.org/@rollup%2frollup-win32-ia32-msvc 156ms (cache miss)
404 silly packumentCache full:https://registry.npmjs.org/@rollup%2frollup-win32-ia32-msvc set size:undefined disposed:false
405 http fetch GET 200 https://registry.npmjs.org/@rollup%2frollup-linux-arm-gnueabihf 178ms (cache miss)
406 silly packumentCache full:https://registry.npmjs.org/@rollup%2frollup-linux-arm-gnueabihf set size:undefined disposed:false
407 http fetch GET 200 https://registry.npmjs.org/@rollup%2frollup-linux-riscv64-gnu 155ms (cache miss)
408 silly packumentCache full:https://registry.npmjs.org/@rollup%2frollup-linux-riscv64-gnu set size:undefined disposed:false
409 http fetch GET 200 https://registry.npmjs.org/@rollup%2frollup-linux-ppc64-musl 139ms (cache miss)
410 silly packumentCache full:https://registry.npmjs.org/@rollup%2frollup-linux-ppc64-musl set size:undefined disposed:false
411 http fetch GET 200 https://registry.npmjs.org/@rollup%2frollup-linux-ppc64-gnu 149ms (cache miss)
412 silly packumentCache full:https://registry.npmjs.org/@rollup%2frollup-linux-ppc64-gnu set size:undefined disposed:false
413 http fetch GET 200 https://registry.npmjs.org/@rollup%2frollup-linux-s390x-gnu 141ms (cache miss)
414 silly packumentCache full:https://registry.npmjs.org/@rollup%2frollup-linux-s390x-gnu set size:undefined disposed:false
415 http fetch GET 200 https://registry.npmjs.org/@rollup%2frollup-win32-x64-gnu 128ms (cache miss)
416 silly packumentCache full:https://registry.npmjs.org/@rollup%2frollup-win32-x64-gnu set size:undefined disposed:false
417 http fetch GET 200 https://registry.npmjs.org/@rollup%2frollup-darwin-x64 141ms (cache miss)
418 silly packumentCache full:https://registry.npmjs.org/@rollup%2frollup-darwin-x64 set size:undefined disposed:false
419 http fetch GET 200 https://registry.npmjs.org/@rollup%2frollup-win32-x64-msvc 127ms (cache miss)
420 silly packumentCache full:https://registry.npmjs.org/@rollup%2frollup-win32-x64-msvc set size:undefined disposed:false
421 http fetch GET 200 https://registry.npmjs.org/@rollup%2frollup-linux-x64-gnu 125ms (cache miss)
422 silly packumentCache full:https://registry.npmjs.org/@rollup%2frollup-linux-x64-gnu set size:undefined disposed:false
423 http fetch GET 200 https://registry.npmjs.org/@rollup%2frollup-freebsd-x64 143ms (cache miss)
424 silly packumentCache full:https://registry.npmjs.org/@rollup%2frollup-freebsd-x64 set size:undefined disposed:false
425 http fetch GET 200 https://registry.npmjs.org/@rollup%2frollup-openbsd-x64 86ms (cache miss)
426 silly packumentCache full:https://registry.npmjs.org/@rollup%2frollup-openbsd-x64 set size:undefined disposed:false
427 http fetch GET 200 https://registry.npmjs.org/@rollup%2frollup-linux-x64-musl 99ms (cache miss)
428 silly packumentCache full:https://registry.npmjs.org/@rollup%2frollup-linux-x64-musl set size:undefined disposed:false
429 http fetch GET 200 https://registry.npmjs.org/@rollup%2frollup-openharmony-arm64 125ms (cache miss)
430 silly packumentCache full:https://registry.npmjs.org/@rollup%2frollup-openharmony-arm64 set size:undefined disposed:false
431 silly placeDep ROOT @esbuild/aix-ppc64@0.25.12 OK for: esbuild@0.25.12 want: 0.25.12
432 silly placeDep ROOT @esbuild/android-arm@0.25.12 OK for: esbuild@0.25.12 want: 0.25.12
433 silly placeDep ROOT @esbuild/android-arm64@0.25.12 OK for: esbuild@0.25.12 want: 0.25.12
434 silly placeDep ROOT @esbuild/android-x64@0.25.12 OK for: esbuild@0.25.12 want: 0.25.12
435 silly placeDep ROOT @esbuild/darwin-arm64@0.25.12 OK for: esbuild@0.25.12 want: 0.25.12
436 silly placeDep ROOT @esbuild/darwin-x64@0.25.12 OK for: esbuild@0.25.12 want: 0.25.12
437 silly placeDep ROOT @esbuild/freebsd-arm64@0.25.12 OK for: esbuild@0.25.12 want: 0.25.12
438 silly placeDep ROOT @esbuild/freebsd-x64@0.25.12 OK for: esbuild@0.25.12 want: 0.25.12
439 silly placeDep ROOT @esbuild/linux-arm@0.25.12 OK for: esbuild@0.25.12 want: 0.25.12
440 silly placeDep ROOT @esbuild/linux-arm64@0.25.12 OK for: esbuild@0.25.12 want: 0.25.12
441 silly placeDep ROOT @esbuild/linux-ia32@0.25.12 OK for: esbuild@0.25.12 want: 0.25.12
442 silly placeDep ROOT @esbuild/linux-loong64@0.25.12 OK for: esbuild@0.25.12 want: 0.25.12
443 silly placeDep ROOT @esbuild/linux-mips64el@0.25.12 OK for: esbuild@0.25.12 want: 0.25.12
444 silly placeDep ROOT @esbuild/linux-ppc64@0.25.12 OK for: esbuild@0.25.12 want: 0.25.12
445 silly placeDep ROOT @esbuild/linux-riscv64@0.25.12 OK for: esbuild@0.25.12 want: 0.25.12
446 silly placeDep ROOT @esbuild/linux-s390x@0.25.12 OK for: esbuild@0.25.12 want: 0.25.12
447 silly placeDep ROOT @esbuild/linux-x64@0.25.12 OK for: esbuild@0.25.12 want: 0.25.12
448 silly placeDep ROOT @esbuild/netbsd-arm64@0.25.12 OK for: esbuild@0.25.12 want: 0.25.12
449 silly placeDep ROOT @esbuild/netbsd-x64@0.25.12 OK for: esbuild@0.25.12 want: 0.25.12
450 silly placeDep ROOT @esbuild/openbsd-arm64@0.25.12 OK for: esbuild@0.25.12 want: 0.25.12
451 silly placeDep ROOT @esbuild/openbsd-x64@0.25.12 OK for: esbuild@0.25.12 want: 0.25.12
452 silly placeDep ROOT @esbuild/openharmony-arm64@0.25.12 OK for: esbuild@0.25.12 want: 0.25.12
453 silly placeDep ROOT @esbuild/sunos-x64@0.25.12 OK for: esbuild@0.25.12 want: 0.25.12
454 silly placeDep ROOT @esbuild/win32-arm64@0.25.12 OK for: esbuild@0.25.12 want: 0.25.12
455 silly placeDep ROOT @esbuild/win32-ia32@0.25.12 OK for: esbuild@0.25.12 want: 0.25.12
456 silly placeDep ROOT @esbuild/win32-x64@0.25.12 OK for: esbuild@0.25.12 want: 0.25.12
457 silly placeDep ROOT nanoid@3.3.11 OK for: postcss@8.5.8 want: ^3.3.11
458 silly placeDep ROOT picocolors@1.1.1 OK for: postcss@8.5.8 want: ^1.1.1
459 silly placeDep ROOT source-map-js@1.2.1 OK for: postcss@8.5.8 want: ^1.2.1
460 silly placeDep ROOT @rollup/rollup-android-arm-eabi@4.59.0 OK for: rollup@4.59.0 want: 4.59.0
461 silly placeDep ROOT @rollup/rollup-android-arm64@4.59.0 OK for: rollup@4.59.0 want: 4.59.0
462 silly placeDep ROOT @rollup/rollup-darwin-arm64@4.59.0 OK for: rollup@4.59.0 want: 4.59.0
463 silly placeDep ROOT @rollup/rollup-darwin-x64@4.59.0 OK for: rollup@4.59.0 want: 4.59.0
464 silly placeDep ROOT @rollup/rollup-freebsd-arm64@4.59.0 OK for: rollup@4.59.0 want: 4.59.0
465 silly placeDep ROOT @rollup/rollup-freebsd-x64@4.59.0 OK for: rollup@4.59.0 want: 4.59.0
466 silly placeDep ROOT @rollup/rollup-linux-arm-gnueabihf@4.59.0 OK for: rollup@4.59.0 want: 4.59.0
467 silly placeDep ROOT @rollup/rollup-linux-arm-musleabihf@4.59.0 OK for: rollup@4.59.0 want: 4.59.0
468 silly placeDep ROOT @rollup/rollup-linux-arm64-gnu@4.59.0 OK for: rollup@4.59.0 want: 4.59.0
469 silly placeDep ROOT @rollup/rollup-linux-arm64-musl@4.59.0 OK for: rollup@4.59.0 want: 4.59.0
470 silly placeDep ROOT @rollup/rollup-linux-loong64-gnu@4.59.0 OK for: rollup@4.59.0 want: 4.59.0
471 silly placeDep ROOT @rollup/rollup-linux-loong64-musl@4.59.0 OK for: rollup@4.59.0 want: 4.59.0
472 silly placeDep ROOT @rollup/rollup-linux-ppc64-gnu@4.59.0 OK for: rollup@4.59.0 want: 4.59.0
473 silly placeDep ROOT @rollup/rollup-linux-ppc64-musl@4.59.0 OK for: rollup@4.59.0 want: 4.59.0
474 silly placeDep ROOT @rollup/rollup-linux-riscv64-gnu@4.59.0 OK for: rollup@4.59.0 want: 4.59.0
475 silly placeDep ROOT @rollup/rollup-linux-riscv64-musl@4.59.0 OK for: rollup@4.59.0 want: 4.59.0
476 silly placeDep ROOT @rollup/rollup-linux-s390x-gnu@4.59.0 OK for: rollup@4.59.0 want: 4.59.0
477 silly placeDep ROOT @rollup/rollup-linux-x64-gnu@4.59.0 OK for: rollup@4.59.0 want: 4.59.0
478 silly placeDep ROOT @rollup/rollup-linux-x64-musl@4.59.0 OK for: rollup@4.59.0 want: 4.59.0
479 silly placeDep ROOT @rollup/rollup-openbsd-x64@4.59.0 OK for: rollup@4.59.0 want: 4.59.0
480 silly placeDep ROOT @rollup/rollup-openharmony-arm64@4.59.0 OK for: rollup@4.59.0 want: 4.59.0
481 silly placeDep ROOT @rollup/rollup-win32-arm64-msvc@4.59.0 OK for: rollup@4.59.0 want: 4.59.0
482 silly placeDep ROOT @rollup/rollup-win32-ia32-msvc@4.59.0 OK for: rollup@4.59.0 want: 4.59.0
483 silly placeDep ROOT @rollup/rollup-win32-x64-gnu@4.59.0 OK for: rollup@4.59.0 want: 4.59.0
484 silly placeDep ROOT @rollup/rollup-win32-x64-msvc@4.59.0 OK for: rollup@4.59.0 want: 4.59.0
485 silly placeDep ROOT @types/estree@1.0.8 OK for: rollup@4.59.0 want: 1.0.8
486 silly fetch manifest vue@3.5.30
487 silly packumentCache full:https://registry.npmjs.org/vue cache-miss
488 http cache https://registry.npmjs.org/vue 7ms (cache hit)
489 silly packumentCache full:https://registry.npmjs.org/vue set size:2008566 disposed:false
490 silly fetch manifest typescript@*
491 silly packumentCache full:https://registry.npmjs.org/typescript cache-miss
492 http cache https://registry.npmjs.org/typescript 41ms (cache hit)
493 silly packumentCache full:https://registry.npmjs.org/typescript set size:15336305 disposed:false
494 silly placeDep ROOT @vue/compiler-dom@3.5.30 OK for: vue@3.5.30 want: 3.5.30
495 silly placeDep ROOT @vue/compiler-sfc@3.5.30 OK for: vue@3.5.30 want: 3.5.30
496 silly placeDep ROOT @vue/runtime-dom@3.5.30 OK for: vue@3.5.30 want: 3.5.30
497 silly placeDep ROOT @vue/server-renderer@3.5.30 OK for: vue@3.5.30 want: 3.5.30
498 silly placeDep ROOT @vue/shared@3.5.30 OK for: vue@3.5.30 want: 3.5.30
499 silly fetch manifest @vue/compiler-core@3.5.30
500 silly packumentCache full:https://registry.npmjs.org/@vue%2fcompiler-core cache-miss
501 silly fetch manifest @babel/parser@^7.29.0
502 silly packumentCache full:https://registry.npmjs.org/@babel%2fparser cache-miss
503 silly fetch manifest estree-walker@^2.0.2
504 silly packumentCache full:https://registry.npmjs.org/estree-walker cache-miss
505 silly fetch manifest magic-string@^0.30.21
506 silly packumentCache full:https://registry.npmjs.org/magic-string cache-miss
507 silly fetch manifest @vue/compiler-core@3.5.30
508 silly packumentCache full:https://registry.npmjs.org/@vue%2fcompiler-core cache-miss
509 silly fetch manifest @vue/compiler-ssr@3.5.30
510 silly packumentCache full:https://registry.npmjs.org/@vue%2fcompiler-ssr cache-miss
511 silly fetch manifest csstype@^3.2.3
512 silly packumentCache full:https://registry.npmjs.org/csstype cache-miss
513 silly fetch manifest @vue/reactivity@3.5.30
514 silly packumentCache full:https://registry.npmjs.org/@vue%2freactivity cache-miss
515 silly fetch manifest @vue/runtime-core@3.5.30
516 silly packumentCache full:https://registry.npmjs.org/@vue%2fruntime-core cache-miss
517 silly fetch manifest @vue/compiler-ssr@3.5.30
518 silly packumentCache full:https://registry.npmjs.org/@vue%2fcompiler-ssr cache-miss
519 http fetch GET 200 https://registry.npmjs.org/estree-walker 84ms (cache miss)
520 silly packumentCache full:https://registry.npmjs.org/estree-walker set size:undefined disposed:false
521 http fetch GET 200 https://registry.npmjs.org/magic-string 86ms (cache miss)
522 silly packumentCache full:https://registry.npmjs.org/magic-string set size:undefined disposed:false
523 http fetch GET 200 https://registry.npmjs.org/csstype 106ms (cache miss)
524 silly packumentCache full:https://registry.npmjs.org/csstype set size:undefined disposed:false
525 http fetch GET 200 https://registry.npmjs.org/@vue%2fcompiler-core 121ms (cache miss)
526 silly packumentCache full:https://registry.npmjs.org/@vue%2fcompiler-core set size:undefined disposed:false
527 http fetch GET 200 https://registry.npmjs.org/@vue%2fcompiler-ssr 133ms (cache miss)
528 silly packumentCache full:https://registry.npmjs.org/@vue%2fcompiler-ssr set size:undefined disposed:false
529 http fetch GET 200 https://registry.npmjs.org/@vue%2fruntime-core 139ms (cache miss)
530 silly packumentCache full:https://registry.npmjs.org/@vue%2fruntime-core set size:undefined disposed:false
531 http fetch GET 200 https://registry.npmjs.org/@babel%2fparser 146ms (cache miss)
532 silly packumentCache full:https://registry.npmjs.org/@babel%2fparser set size:undefined disposed:false
533 http fetch GET 200 https://registry.npmjs.org/@vue%2fcompiler-core 156ms (cache miss)
534 silly packumentCache full:https://registry.npmjs.org/@vue%2fcompiler-core set size:undefined disposed:false
535 http fetch GET 200 https://registry.npmjs.org/@vue%2fcompiler-ssr 161ms (cache miss)
536 silly packumentCache full:https://registry.npmjs.org/@vue%2fcompiler-ssr set size:undefined disposed:false
537 http fetch GET 200 https://registry.npmjs.org/@vue%2freactivity 167ms (cache miss)
538 silly packumentCache full:https://registry.npmjs.org/@vue%2freactivity set size:undefined disposed:false
539 silly placeDep ROOT @vue/compiler-core@3.5.30 OK for: @vue/compiler-dom@3.5.30 want: 3.5.30
540 silly fetch manifest entities@^7.0.1
541 silly packumentCache full:https://registry.npmjs.org/entities cache-miss
542 http fetch GET 200 https://registry.npmjs.org/entities 83ms (cache miss)
543 silly packumentCache full:https://registry.npmjs.org/entities set size:undefined disposed:false
544 silly placeDep ROOT @babel/parser@7.29.0 OK for: @vue/compiler-core@3.5.30 want: ^7.29.0
545 silly placeDep ROOT entities@7.0.1 OK for: @vue/compiler-core@3.5.30 want: ^7.0.1
546 silly placeDep ROOT estree-walker@2.0.2 OK for: @vue/compiler-core@3.5.30 want: ^2.0.2
547 silly fetch manifest @babel/types@^7.29.0
548 silly packumentCache full:https://registry.npmjs.org/@babel%2ftypes cache-miss
549 http fetch GET 200 https://registry.npmjs.org/@babel%2ftypes 105ms (cache miss)
550 silly packumentCache full:https://registry.npmjs.org/@babel%2ftypes set size:undefined disposed:false
551 silly placeDep ROOT @babel/types@7.29.0 OK for: @babel/parser@7.29.0 want: ^7.29.0
552 silly fetch manifest @babel/helper-string-parser@^7.27.1
553 silly packumentCache full:https://registry.npmjs.org/@babel%2fhelper-string-parser cache-miss
554 silly fetch manifest @babel/helper-validator-identifier@^7.28.5
555 silly packumentCache full:https://registry.npmjs.org/@babel%2fhelper-validator-identifier cache-miss
556 http fetch GET 200 https://registry.npmjs.org/@babel%2fhelper-string-parser 81ms (cache miss)
557 silly packumentCache full:https://registry.npmjs.org/@babel%2fhelper-string-parser set size:undefined disposed:false
558 http fetch GET 200 https://registry.npmjs.org/@babel%2fhelper-validator-identifier 87ms (cache miss)
559 silly packumentCache full:https://registry.npmjs.org/@babel%2fhelper-validator-identifier set size:undefined disposed:false
560 silly placeDep ROOT @babel/helper-string-parser@7.27.1 OK for: @babel/types@7.29.0 want: ^7.27.1
561 silly placeDep ROOT @babel/helper-validator-identifier@7.28.5 OK for: @babel/types@7.29.0 want: ^7.28.5
562 silly placeDep ROOT @vue/compiler-ssr@3.5.30 OK for: @vue/compiler-sfc@3.5.30 want: 3.5.30
563 silly placeDep ROOT magic-string@0.30.21 OK for: @vue/compiler-sfc@3.5.30 want: ^0.30.21
564 silly fetch manifest @jridgewell/sourcemap-codec@^1.5.5
565 silly packumentCache full:https://registry.npmjs.org/@jridgewell%2fsourcemap-codec cache-miss
566 http fetch GET 200 https://registry.npmjs.org/@jridgewell%2fsourcemap-codec 90ms (cache miss)
567 silly packumentCache full:https://registry.npmjs.org/@jridgewell%2fsourcemap-codec set size:undefined disposed:false
568 silly placeDep ROOT @vue/reactivity@3.5.30 OK for: @vue/runtime-dom@3.5.30 want: 3.5.30
569 silly placeDep ROOT @vue/runtime-core@3.5.30 OK for: @vue/runtime-dom@3.5.30 want: 3.5.30
570 silly placeDep ROOT csstype@3.2.3 OK for: @vue/runtime-dom@3.5.30 want: ^3.2.3
571 silly placeDep ROOT @jridgewell/sourcemap-codec@1.5.5 OK for: magic-string@0.30.21 want: ^1.5.5
572 silly placeDep node_modules/vue-router @vue/devtools-api@6.6.4 OK for: vue-router@4.6.4 want: ^6.6.4
573 silly reify moves {}
574 silly audit bulk request {
574 silly audit   '@vitejs/plugin-vue': [ '5.2.4' ],
574 silly audit   vue: [ '3.5.30' ],
574 silly audit   vite: [ '6.4.1' ],
574 silly audit   pinia: [ '3.0.4' ],
574 silly audit   typescript: [ '5.9.3' ],
574 silly audit   'vue-router': [ '4.6.4' ],
574 silly audit   '@vue/devtools-api': [ '7.7.9', '6.6.4' ],
574 silly audit   '@vue/devtools-kit': [ '7.7.9' ],
574 silly audit   '@vue/devtools-shared': [ '7.7.9' ],
574 silly audit   birpc: [ '2.9.0' ],
574 silly audit   hookable: [ '5.5.3' ],
574 silly audit   mitt: [ '3.0.1' ],
574 silly audit   'perfect-debounce': [ '1.0.0' ],
574 silly audit   speakingurl: [ '14.0.1' ],
574 silly audit   superjson: [ '2.2.6' ],
574 silly audit   rfdc: [ '1.4.1' ],
574 silly audit   'copy-anything': [ '4.0.5' ],
574 silly audit   'is-what': [ '5.5.0' ],
574 silly audit   esbuild: [ '0.25.12' ],
574 silly audit   fdir: [ '6.5.0' ],
574 silly audit   fsevents: [ '2.3.3' ],
574 silly audit   picomatch: [ '4.0.3' ],
574 silly audit   postcss: [ '8.5.8' ],
574 silly audit   rollup: [ '4.59.0' ],
574 silly audit   tinyglobby: [ '0.2.15' ],
574 silly audit   '@esbuild/aix-ppc64': [ '0.25.12' ],
574 silly audit   '@esbuild/android-arm': [ '0.25.12' ],
574 silly audit   '@esbuild/android-arm64': [ '0.25.12' ],
574 silly audit   '@esbuild/android-x64': [ '0.25.12' ],
574 silly audit   '@esbuild/darwin-arm64': [ '0.25.12' ],
574 silly audit   '@esbuild/darwin-x64': [ '0.25.12' ],
574 silly audit   '@esbuild/freebsd-arm64': [ '0.25.12' ],
574 silly audit   '@esbuild/freebsd-x64': [ '0.25.12' ],
574 silly audit   '@esbuild/linux-arm': [ '0.25.12' ],
574 silly audit   '@esbuild/linux-arm64': [ '0.25.12' ],
574 silly audit   '@esbuild/linux-ia32': [ '0.25.12' ],
574 silly audit   '@esbuild/linux-loong64': [ '0.25.12' ],
574 silly audit   '@esbuild/linux-mips64el': [ '0.25.12' ],
574 silly audit   '@esbuild/linux-ppc64': [ '0.25.12' ],
574 silly audit   '@esbuild/linux-riscv64': [ '0.25.12' ],
574 silly audit   '@esbuild/linux-s390x': [ '0.25.12' ],
574 silly audit   '@esbuild/linux-x64': [ '0.25.12' ],
574 silly audit   '@esbuild/netbsd-arm64': [ '0.25.12' ],
574 silly audit   '@esbuild/netbsd-x64': [ '0.25.12' ],
574 silly audit   '@esbuild/openbsd-arm64': [ '0.25.12' ],
574 silly audit   '@esbuild/openbsd-x64': [ '0.25.12' ],
574 silly audit   '@esbuild/openharmony-arm64': [ '0.25.12' ],
574 silly audit   '@esbuild/sunos-x64': [ '0.25.12' ],
574 silly audit   '@esbuild/win32-arm64': [ '0.25.12' ],
574 silly audit   '@esbuild/win32-ia32': [ '0.25.12' ],
574 silly audit   '@esbuild/win32-x64': [ '0.25.12' ],
574 silly audit   nanoid: [ '3.3.11' ],
574 silly audit   picocolors: [ '1.1.1' ],
574 silly audit   'source-map-js': [ '1.2.1' ],
574 silly audit   '@rollup/rollup-android-arm-eabi': [ '4.59.0' ],
574 silly audit   '@rollup/rollup-android-arm64': [ '4.59.0' ],
574 silly audit   '@rollup/rollup-darwin-arm64': [ '4.59.0' ],
574 silly audit   '@rollup/rollup-darwin-x64': [ '4.59.0' ],
574 silly audit   '@rollup/rollup-freebsd-arm64': [ '4.59.0' ],
574 silly audit   '@rollup/rollup-freebsd-x64': [ '4.59.0' ],
574 silly audit   '@rollup/rollup-linux-arm-gnueabihf': [ '4.59.0' ],
574 silly audit   '@rollup/rollup-linux-arm-musleabihf': [ '4.59.0' ],
574 silly audit   '@rollup/rollup-linux-arm64-gnu': [ '4.59.0' ],
574 silly audit   '@rollup/rollup-linux-arm64-musl': [ '4.59.0' ],
574 silly audit   '@rollup/rollup-linux-loong64-gnu': [ '4.59.0' ],
574 silly audit   '@rollup/rollup-linux-loong64-musl': [ '4.59.0' ],
574 silly audit   '@rollup/rollup-linux-ppc64-gnu': [ '4.59.0' ],
574 silly audit   '@rollup/rollup-linux-ppc64-musl': [ '4.59.0' ],
574 silly audit   '@rollup/rollup-linux-riscv64-gnu': [ '4.59.0' ],
574 silly audit   '@rollup/rollup-linux-riscv64-musl': [ '4.59.0' ],
574 silly audit   '@rollup/rollup-linux-s390x-gnu': [ '4.59.0' ],
574 silly audit   '@rollup/rollup-linux-x64-gnu': [ '4.59.0' ],
574 silly audit   '@rollup/rollup-linux-x64-musl': [ '4.59.0' ],
574 silly audit   '@rollup/rollup-openbsd-x64': [ '4.59.0' ],
574 silly audit   '@rollup/rollup-openharmony-arm64': [ '4.59.0' ],
574 silly audit   '@rollup/rollup-win32-arm64-msvc': [ '4.59.0' ],
574 silly audit   '@rollup/rollup-win32-ia32-msvc': [ '4.59.0' ],
574 silly audit   '@rollup/rollup-win32-x64-gnu': [ '4.59.0' ],
574 silly audit   '@rollup/rollup-win32-x64-msvc': [ '4.59.0' ],
574 silly audit   '@types/estree': [ '1.0.8' ],
574 silly audit   '@vue/compiler-dom': [ '3.5.30' ],
574 silly audit   '@vue/compiler-sfc': [ '3.5.30' ],
574 silly audit   '@vue/runtime-dom': [ '3.5.30' ],
574 silly audit   '@vue/server-renderer': [ '3.5.30' ],
574 silly audit   '@vue/shared': [ '3.5.30' ],
574 silly audit   '@vue/compiler-core': [ '3.5.30' ],
574 silly audit   '@babel/parser': [ '7.29.0' ],
574 silly audit   entities: [ '7.0.1' ],
574 silly audit   'estree-walker': [ '2.0.2' ],
574 silly audit   '@babel/types': [ '7.29.0' ],
574 silly audit   '@babel/helper-string-parser': [ '7.27.1' ],
574 silly audit   '@babel/helper-validator-identifier': [ '7.28.5' ],
574 silly audit   '@vue/compiler-ssr': [ '3.5.30' ],
574 silly audit   'magic-string': [ '0.30.21' ],
574 silly audit   '@vue/reactivity': [ '3.5.30' ],
574 silly audit   '@vue/runtime-core': [ '3.5.30' ],
574 silly audit   csstype: [ '3.2.3' ],
574 silly audit   '@jridgewell/sourcemap-codec': [ '1.5.5' ]
574 silly audit }
575 http cache @vue/runtime-core@https://registry.npmjs.org/@vue/runtime-core/-/runtime-core-3.5.30.tgz 0ms (cache hit)
576 http cache @jridgewell/sourcemap-codec@https://registry.npmjs.org/@jridgewell/sourcemap-codec/-/sourcemap-codec-1.5.5.tgz 0ms (cache hit)
577 http cache @vue/reactivity@https://registry.npmjs.org/@vue/reactivity/-/reactivity-3.5.30.tgz 0ms (cache hit)
578 http cache csstype@https://registry.npmjs.org/csstype/-/csstype-3.2.3.tgz 0ms (cache hit)
579 http cache magic-string@https://registry.npmjs.org/magic-string/-/magic-string-0.30.21.tgz 0ms (cache hit)
580 http cache @babel/helper-validator-identifier@https://registry.npmjs.org/@babel/helper-validator-identifier/-/helper-validator-identifier-7.28.5.tgz 0ms (cache hit)
581 http cache @vue/compiler-ssr@https://registry.npmjs.org/@vue/compiler-ssr/-/compiler-ssr-3.5.30.tgz 0ms (cache hit)
582 http cache @babel/helper-string-parser@https://registry.npmjs.org/@babel/helper-string-parser/-/helper-string-parser-7.27.1.tgz 0ms (cache hit)
583 http cache @babel/types@https://registry.npmjs.org/@babel/types/-/types-7.29.0.tgz 0ms (cache hit)
584 http cache estree-walker@https://registry.npmjs.org/estree-walker/-/estree-walker-2.0.2.tgz 0ms (cache hit)
585 http cache @babel/parser@https://registry.npmjs.org/@babel/parser/-/parser-7.29.0.tgz 0ms (cache hit)
586 http cache entities@https://registry.npmjs.org/entities/-/entities-7.0.1.tgz 0ms (cache hit)
587 http cache @vue/compiler-core@https://registry.npmjs.org/@vue/compiler-core/-/compiler-core-3.5.30.tgz 0ms (cache hit)
588 http cache @vue/shared@https://registry.npmjs.org/@vue/shared/-/shared-3.5.30.tgz 0ms (cache hit)
589 http cache @vue/server-renderer@https://registry.npmjs.org/@vue/server-renderer/-/server-renderer-3.5.30.tgz 0ms (cache hit)
590 http cache @vue/runtime-dom@https://registry.npmjs.org/@vue/runtime-dom/-/runtime-dom-3.5.30.tgz 0ms (cache hit)
591 http cache @vue/compiler-sfc@https://registry.npmjs.org/@vue/compiler-sfc/-/compiler-sfc-3.5.30.tgz 0ms (cache hit)
592 http cache source-map-js@https://registry.npmjs.org/source-map-js/-/source-map-js-1.2.1.tgz 0ms (cache hit)
593 http cache @types/estree@https://registry.npmjs.org/@types/estree/-/estree-1.0.8.tgz 0ms (cache hit)
594 http cache @vue/compiler-dom@https://registry.npmjs.org/@vue/compiler-dom/-/compiler-dom-3.5.30.tgz 0ms (cache hit)
595 http cache picocolors@https://registry.npmjs.org/picocolors/-/picocolors-1.1.1.tgz 0ms (cache hit)
596 http cache nanoid@https://registry.npmjs.org/nanoid/-/nanoid-3.3.11.tgz 0ms (cache hit)
597 http cache @esbuild/linux-x64@https://registry.npmjs.org/@esbuild/linux-x64/-/linux-x64-0.25.12.tgz 0ms (cache hit)
598 http cache rollup@https://registry.npmjs.org/rollup/-/rollup-4.59.0.tgz 0ms (cache hit)
599 http cache tinyglobby@https://registry.npmjs.org/tinyglobby/-/tinyglobby-0.2.15.tgz 0ms (cache hit)
600 http cache postcss@https://registry.npmjs.org/postcss/-/postcss-8.5.8.tgz 0ms (cache hit)
601 http cache picomatch@https://registry.npmjs.org/picomatch/-/picomatch-4.0.3.tgz 0ms (cache hit)
602 http cache esbuild@https://registry.npmjs.org/esbuild/-/esbuild-0.25.12.tgz 0ms (cache hit)
603 http cache fdir@https://registry.npmjs.org/fdir/-/fdir-6.5.0.tgz 0ms (cache hit)
604 http cache rfdc@https://registry.npmjs.org/rfdc/-/rfdc-1.4.1.tgz 0ms (cache hit)
605 http cache is-what@https://registry.npmjs.org/is-what/-/is-what-5.5.0.tgz 0ms (cache hit)
606 http cache copy-anything@https://registry.npmjs.org/copy-anything/-/copy-anything-4.0.5.tgz 0ms (cache hit)
607 http cache superjson@https://registry.npmjs.org/superjson/-/superjson-2.2.6.tgz 0ms (cache hit)
608 http cache speakingurl@https://registry.npmjs.org/speakingurl/-/speakingurl-14.0.1.tgz 0ms (cache hit)
609 http cache birpc@https://registry.npmjs.org/birpc/-/birpc-2.9.0.tgz 0ms (cache hit)
610 http cache perfect-debounce@https://registry.npmjs.org/perfect-debounce/-/perfect-debounce-1.0.0.tgz 0ms (cache hit)
611 http cache mitt@https://registry.npmjs.org/mitt/-/mitt-3.0.1.tgz 0ms (cache hit)
612 http cache hookable@https://registry.npmjs.org/hookable/-/hookable-5.5.3.tgz 0ms (cache hit)
613 http cache @vue/devtools-shared@https://registry.npmjs.org/@vue/devtools-shared/-/devtools-shared-7.7.9.tgz 0ms (cache hit)
614 http cache @vue/devtools-kit@https://registry.npmjs.org/@vue/devtools-kit/-/devtools-kit-7.7.9.tgz 0ms (cache hit)
615 http cache @vue/devtools-api@https://registry.npmjs.org/@vue/devtools-api/-/devtools-api-7.7.9.tgz 0ms (cache hit)
616 http cache vue-router@https://registry.npmjs.org/vue-router/-/vue-router-4.6.4.tgz 0ms (cache hit)
617 http cache typescript@https://registry.npmjs.org/typescript/-/typescript-5.9.3.tgz 0ms (cache hit)
618 http cache vue@https://registry.npmjs.org/vue/-/vue-3.5.30.tgz 0ms (cache hit)
619 http cache pinia@https://registry.npmjs.org/pinia/-/pinia-3.0.4.tgz 0ms (cache hit)
620 http cache vite@https://registry.npmjs.org/vite/-/vite-6.4.1.tgz 0ms (cache hit)
621 http cache @vitejs/plugin-vue@https://registry.npmjs.org/@vitejs/plugin-vue/-/plugin-vue-5.2.4.tgz 0ms (cache hit)
622 http cache @vue/devtools-api@https://registry.npmjs.org/@vue/devtools-api/-/devtools-api-6.6.4.tgz 0ms (cache hit)
623 silly tarball no local data for @vue/runtime-core@https://registry.npmjs.org/@vue/runtime-core/-/runtime-core-3.5.30.tgz. Extracting by manifest.
624 silly tarball no local data for @jridgewell/sourcemap-codec@https://registry.npmjs.org/@jridgewell/sourcemap-codec/-/sourcemap-codec-1.5.5.tgz. Extracting by manifest.
625 silly tarball no local data for @vue/reactivity@https://registry.npmjs.org/@vue/reactivity/-/reactivity-3.5.30.tgz. Extracting by manifest.
626 silly tarball no local data for csstype@https://registry.npmjs.org/csstype/-/csstype-3.2.3.tgz. Extracting by manifest.
627 silly tarball no local data for magic-string@https://registry.npmjs.org/magic-string/-/magic-string-0.30.21.tgz. Extracting by manifest.
628 silly tarball no local data for @babel/helper-validator-identifier@https://registry.npmjs.org/@babel/helper-validator-identifier/-/helper-validator-identifier-7.28.5.tgz. Extracting by manifest.
629 silly tarball no local data for @vue/compiler-ssr@https://registry.npmjs.org/@vue/compiler-ssr/-/compiler-ssr-3.5.30.tgz. Extracting by manifest.
630 silly tarball no local data for @babel/helper-string-parser@https://registry.npmjs.org/@babel/helper-string-parser/-/helper-string-parser-7.27.1.tgz. Extracting by manifest.
631 silly tarball no local data for @babel/types@https://registry.npmjs.org/@babel/types/-/types-7.29.0.tgz. Extracting by manifest.
632 silly tarball no local data for estree-walker@https://registry.npmjs.org/estree-walker/-/estree-walker-2.0.2.tgz. Extracting by manifest.
633 silly tarball no local data for @babel/parser@https://registry.npmjs.org/@babel/parser/-/parser-7.29.0.tgz. Extracting by manifest.
634 silly tarball no local data for entities@https://registry.npmjs.org/entities/-/entities-7.0.1.tgz. Extracting by manifest.
635 silly tarball no local data for @vue/compiler-core@https://registry.npmjs.org/@vue/compiler-core/-/compiler-core-3.5.30.tgz. Extracting by manifest.
636 silly tarball no local data for @vue/shared@https://registry.npmjs.org/@vue/shared/-/shared-3.5.30.tgz. Extracting by manifest.
637 silly tarball no local data for @vue/server-renderer@https://registry.npmjs.org/@vue/server-renderer/-/server-renderer-3.5.30.tgz. Extracting by manifest.
638 silly tarball no local data for @vue/runtime-dom@https://registry.npmjs.org/@vue/runtime-dom/-/runtime-dom-3.5.30.tgz. Extracting by manifest.
639 silly tarball no local data for @vue/compiler-sfc@https://registry.npmjs.org/@vue/compiler-sfc/-/compiler-sfc-3.5.30.tgz. Extracting by manifest.
640 silly tarball no local data for source-map-js@https://registry.npmjs.org/source-map-js/-/source-map-js-1.2.1.tgz. Extracting by manifest.
641 silly tarball no local data for @types/estree@https://registry.npmjs.org/@types/estree/-/estree-1.0.8.tgz. Extracting by manifest.
642 silly tarball no local data for @vue/compiler-dom@https://registry.npmjs.org/@vue/compiler-dom/-/compiler-dom-3.5.30.tgz. Extracting by manifest.
643 silly tarball no local data for picocolors@https://registry.npmjs.org/picocolors/-/picocolors-1.1.1.tgz. Extracting by manifest.
644 silly tarball no local data for nanoid@https://registry.npmjs.org/nanoid/-/nanoid-3.3.11.tgz. Extracting by manifest.
645 silly tarball no local data for @esbuild/linux-x64@https://registry.npmjs.org/@esbuild/linux-x64/-/linux-x64-0.25.12.tgz. Extracting by manifest.
646 silly tarball no local data for rollup@https://registry.npmjs.org/rollup/-/rollup-4.59.0.tgz. Extracting by manifest.
647 silly tarball no local data for tinyglobby@https://registry.npmjs.org/tinyglobby/-/tinyglobby-0.2.15.tgz. Extracting by manifest.
648 silly tarball no local data for postcss@https://registry.npmjs.org/postcss/-/postcss-8.5.8.tgz. Extracting by manifest.
649 silly tarball no local data for picomatch@https://registry.npmjs.org/picomatch/-/picomatch-4.0.3.tgz. Extracting by manifest.
650 silly tarball no local data for esbuild@https://registry.npmjs.org/esbuild/-/esbuild-0.25.12.tgz. Extracting by manifest.
651 silly tarball no local data for fdir@https://registry.npmjs.org/fdir/-/fdir-6.5.0.tgz. Extracting by manifest.
652 silly tarball no local data for rfdc@https://registry.npmjs.org/rfdc/-/rfdc-1.4.1.tgz. Extracting by manifest.
653 silly tarball no local data for is-what@https://registry.npmjs.org/is-what/-/is-what-5.5.0.tgz. Extracting by manifest.
654 silly tarball no local data for copy-anything@https://registry.npmjs.org/copy-anything/-/copy-anything-4.0.5.tgz. Extracting by manifest.
655 silly tarball no local data for superjson@https://registry.npmjs.org/superjson/-/superjson-2.2.6.tgz. Extracting by manifest.
656 silly tarball no local data for speakingurl@https://registry.npmjs.org/speakingurl/-/speakingurl-14.0.1.tgz. Extracting by manifest.
657 silly tarball no local data for birpc@https://registry.npmjs.org/birpc/-/birpc-2.9.0.tgz. Extracting by manifest.
658 silly tarball no local data for perfect-debounce@https://registry.npmjs.org/perfect-debounce/-/perfect-debounce-1.0.0.tgz. Extracting by manifest.
659 silly tarball no local data for mitt@https://registry.npmjs.org/mitt/-/mitt-3.0.1.tgz. Extracting by manifest.
660 silly tarball no local data for hookable@https://registry.npmjs.org/hookable/-/hookable-5.5.3.tgz. Extracting by manifest.
661 silly tarball no local data for @vue/devtools-shared@https://registry.npmjs.org/@vue/devtools-shared/-/devtools-shared-7.7.9.tgz. Extracting by manifest.
662 silly tarball no local data for @vue/devtools-kit@https://registry.npmjs.org/@vue/devtools-kit/-/devtools-kit-7.7.9.tgz. Extracting by manifest.
663 silly tarball no local data for @vue/devtools-api@https://registry.npmjs.org/@vue/devtools-api/-/devtools-api-7.7.9.tgz. Extracting by manifest.
664 silly tarball no local data for vue-router@https://registry.npmjs.org/vue-router/-/vue-router-4.6.4.tgz. Extracting by manifest.
665 silly tarball no local data for typescript@https://registry.npmjs.org/typescript/-/typescript-5.9.3.tgz. Extracting by manifest.
666 silly tarball no local data for vue@https://registry.npmjs.org/vue/-/vue-3.5.30.tgz. Extracting by manifest.
667 silly tarball no local data for pinia@https://registry.npmjs.org/pinia/-/pinia-3.0.4.tgz. Extracting by manifest.
668 silly tarball no local data for vite@https://registry.npmjs.org/vite/-/vite-6.4.1.tgz. Extracting by manifest.
669 silly tarball no local data for @vitejs/plugin-vue@https://registry.npmjs.org/@vitejs/plugin-vue/-/plugin-vue-5.2.4.tgz. Extracting by manifest.
670 silly tarball no local data for @vue/devtools-api@https://registry.npmjs.org/@vue/devtools-api/-/devtools-api-6.6.4.tgz. Extracting by manifest.
671 http fetch GET 200 https://registry.npmjs.org/estree-walker/-/estree-walker-2.0.2.tgz 145ms (cache miss)
672 http fetch GET 200 https://registry.npmjs.org/@babel/helper-string-parser/-/helper-string-parser-7.27.1.tgz 150ms (cache miss)
673 http fetch GET 200 https://registry.npmjs.org/@vue/shared/-/shared-3.5.30.tgz 151ms (cache miss)
674 http fetch GET 200 https://registry.npmjs.org/@vue/compiler-ssr/-/compiler-ssr-3.5.30.tgz 156ms (cache miss)
675 http fetch GET 200 https://registry.npmjs.org/@babel/helper-validator-identifier/-/helper-validator-identifier-7.28.5.tgz 159ms (cache miss)
676 http fetch GET 200 https://registry.npmjs.org/@vue/compiler-core/-/compiler-core-3.5.30.tgz 230ms (cache miss)
677 http fetch GET 200 https://registry.npmjs.org/magic-string/-/magic-string-0.30.21.tgz 236ms (cache miss)
678 http fetch GET 200 https://registry.npmjs.org/@vue/reactivity/-/reactivity-3.5.30.tgz 240ms (cache miss)
679 http fetch GET 200 https://registry.npmjs.org/nanoid/-/nanoid-3.3.11.tgz 233ms (cache miss)
680 http fetch GET 200 https://registry.npmjs.org/@types/estree/-/estree-1.0.8.tgz 234ms (cache miss)
681 http fetch GET 200 https://registry.npmjs.org/tinyglobby/-/tinyglobby-0.2.15.tgz 236ms (cache miss)
682 http fetch GET 200 https://registry.npmjs.org/csstype/-/csstype-3.2.3.tgz 249ms (cache miss)
683 http fetch POST 200 https://registry.npmjs.org/-/npm/v1/security/advisories/bulk 272ms
684 silly audit report {}
685 http fetch GET 200 https://registry.npmjs.org/picocolors/-/picocolors-1.1.1.tgz 244ms (cache miss)
686 http fetch GET 200 https://registry.npmjs.org/@vue/runtime-core/-/runtime-core-3.5.30.tgz 272ms (cache miss)
687 http fetch GET 200 https://registry.npmjs.org/@vue/server-renderer/-/server-renderer-3.5.30.tgz 320ms (cache miss)
688 http fetch GET 200 https://registry.npmjs.org/fdir/-/fdir-6.5.0.tgz 320ms (cache miss)
689 http fetch GET 200 https://registry.npmjs.org/rfdc/-/rfdc-1.4.1.tgz 320ms (cache miss)
690 http fetch GET 200 https://registry.npmjs.org/copy-anything/-/copy-anything-4.0.5.tgz 321ms (cache miss)
691 http fetch GET 200 https://registry.npmjs.org/birpc/-/birpc-2.9.0.tgz 325ms (cache miss)
692 http fetch GET 200 https://registry.npmjs.org/perfect-debounce/-/perfect-debounce-1.0.0.tgz 331ms (cache miss)
693 http fetch GET 200 https://registry.npmjs.org/@jridgewell/sourcemap-codec/-/sourcemap-codec-1.5.5.tgz 350ms (cache miss)
694 http fetch GET 200 https://registry.npmjs.org/esbuild/-/esbuild-0.25.12.tgz 345ms (cache miss)
695 http fetch GET 200 https://registry.npmjs.org/hookable/-/hookable-5.5.3.tgz 345ms (cache miss)
696 http fetch GET 200 https://registry.npmjs.org/@babel/parser/-/parser-7.29.0.tgz 365ms (cache miss)
697 http fetch GET 200 https://registry.npmjs.org/source-map-js/-/source-map-js-1.2.1.tgz 385ms (cache miss)
698 http fetch GET 200 https://registry.npmjs.org/mitt/-/mitt-3.0.1.tgz 378ms (cache miss)
699 http fetch GET 200 https://registry.npmjs.org/picomatch/-/picomatch-4.0.3.tgz 390ms (cache miss)
700 http fetch GET 200 https://registry.npmjs.org/@vue/compiler-dom/-/compiler-dom-3.5.30.tgz 401ms (cache miss)
701 http fetch GET 200 https://registry.npmjs.org/@vue/devtools-api/-/devtools-api-7.7.9.tgz 393ms (cache miss)
702 http fetch GET 200 https://registry.npmjs.org/@vue/devtools-shared/-/devtools-shared-7.7.9.tgz 423ms (cache miss)
703 http fetch GET 200 https://registry.npmjs.org/@vue/devtools-api/-/devtools-api-6.6.4.tgz 420ms (cache miss)
704 http fetch GET 200 https://registry.npmjs.org/@vue/runtime-dom/-/runtime-dom-3.5.30.tgz 445ms (cache miss)
705 http fetch GET 200 https://registry.npmjs.org/@vue/devtools-kit/-/devtools-kit-7.7.9.tgz 461ms (cache miss)
706 http fetch GET 200 https://registry.npmjs.org/@vitejs/plugin-vue/-/plugin-vue-5.2.4.tgz 457ms (cache miss)
707 http fetch GET 200 https://registry.npmjs.org/pinia/-/pinia-3.0.4.tgz 463ms (cache miss)
708 http fetch GET 200 https://registry.npmjs.org/@vue/compiler-sfc/-/compiler-sfc-3.5.30.tgz 481ms (cache miss)
709 http fetch GET 200 https://registry.npmjs.org/vue-router/-/vue-router-4.6.4.tgz 522ms (cache miss)
710 http fetch GET 200 https://registry.npmjs.org/superjson/-/superjson-2.2.6.tgz 542ms (cache miss)
711 http fetch GET 200 https://registry.npmjs.org/speakingurl/-/speakingurl-14.0.1.tgz 550ms (cache miss)
712 http fetch GET 200 https://registry.npmjs.org/rollup/-/rollup-4.59.0.tgz 596ms (cache miss)
713 http fetch GET 200 https://registry.npmjs.org/postcss/-/postcss-8.5.8.tgz 597ms (cache miss)
714 http fetch GET 200 https://registry.npmjs.org/vue/-/vue-3.5.30.tgz 631ms (cache miss)
715 http fetch GET 200 https://registry.npmjs.org/vite/-/vite-6.4.1.tgz 644ms (cache miss)
716 http fetch GET 200 https://registry.npmjs.org/is-what/-/is-what-5.5.0.tgz 687ms (cache miss)
717 http fetch GET 200 https://registry.npmjs.org/@esbuild/linux-x64/-/linux-x64-0.25.12.tgz 713ms (cache miss)
718 http fetch GET 200 https://registry.npmjs.org/entities/-/entities-7.0.1.tgz 762ms (cache miss)
719 http fetch GET 200 https://registry.npmjs.org/@babel/types/-/types-7.29.0.tgz 889ms (cache miss)
720 http fetch GET 200 https://registry.npmjs.org/typescript/-/typescript-5.9.3.tgz 977ms (cache miss)
721 info run esbuild@0.25.12 postinstall node_modules/esbuild node install.js
722 info run esbuild@0.25.12 postinstall { code: 0, signal: null }
723 silly ADD node_modules/@jridgewell/sourcemap-codec
724 silly ADD node_modules/csstype
725 silly ADD node_modules/@vue/runtime-core
726 silly ADD node_modules/@vue/reactivity
727 silly ADD node_modules/magic-string
728 silly ADD node_modules/@vue/compiler-ssr
729 silly ADD node_modules/@babel/helper-validator-identifier
730 silly ADD node_modules/@babel/helper-string-parser
731 silly ADD node_modules/@babel/types
732 silly ADD node_modules/estree-walker
733 silly ADD node_modules/entities
734 silly ADD node_modules/@babel/parser
735 silly ADD node_modules/@vue/compiler-core
736 silly ADD node_modules/@vue/shared
737 silly ADD node_modules/@vue/server-renderer
738 silly ADD node_modules/@vue/runtime-dom
739 silly ADD node_modules/@vue/compiler-sfc
740 silly ADD node_modules/@vue/compiler-dom
741 silly ADD node_modules/@types/estree
742 silly ADD node_modules/source-map-js
743 silly ADD node_modules/picocolors
744 silly ADD node_modules/nanoid
745 silly ADD node_modules/@esbuild/linux-x64
746 silly ADD node_modules/tinyglobby
747 silly ADD node_modules/rollup
748 silly ADD node_modules/postcss
749 silly ADD node_modules/picomatch
750 silly ADD node_modules/fdir
751 silly ADD node_modules/esbuild
752 silly ADD node_modules/is-what
753 silly ADD node_modules/copy-anything
754 silly ADD node_modules/rfdc
755 silly ADD node_modules/superjson
756 silly ADD node_modules/speakingurl
757 silly ADD node_modules/perfect-debounce
758 silly ADD node_modules/mitt
759 silly ADD node_modules/hookable
760 silly ADD node_modules/birpc
761 silly ADD node_modules/@vue/devtools-shared
762 silly ADD node_modules/@vue/devtools-kit
763 silly ADD node_modules/@vue/devtools-api
764 silly ADD node_modules/vue-router
765 silly ADD node_modules/vue-router/node_modules/@vue/devtools-api
766 silly ADD node_modules/typescript
767 silly ADD node_modules/pinia
768 silly ADD node_modules/vite
769 silly ADD node_modules/vue
770 silly ADD node_modules/@vitejs/plugin-vue
771 verbose cwd F:\work\project\shop\frontend\mobile
772 verbose os Windows_NT 10.0.19045
773 verbose node v22.17.0
774 verbose npm  v11.10.0
775 verbose exit 0
776 info ok
